2023-09-21 13:04:42,632 INFO  Logger.cs: 70 - 
--------------------------------------------------------------------------------
2023-09-21 13:04:42,703 INFO  Logger.cs: 71 - Logging commencing for SW2URDF exporter
2023-09-21 13:04:42,705 INFO  Logger.cs: 73 - Commit version 1.6.0-4-g7f85cfe
2023-09-21 13:04:42,705 INFO  Logger.cs: 74 - Build version 1.6.7995.38578
2023-09-21 13:04:42,708 INFO  SwAddin.cs: 192 - Attempting to connect to SW
2023-09-21 13:04:42,709 INFO  SwAddin.cs: 197 - Setting up callbacks
2023-09-21 13:04:42,710 INFO  SwAddin.cs: 201 - Setting up command manager
2023-09-21 13:04:42,711 INFO  SwAddin.cs: 204 - Adding command manager
2023-09-21 13:04:42,724 INFO  SwAddin.cs: 263 - Adding Assembly export to file menu
2023-09-21 13:04:42,726 INFO  SwAddin.cs: 272 - Adding Part export to file menu
2023-09-21 13:04:42,726 INFO  SwAddin.cs: 210 - Adding event handlers
2023-09-21 13:04:42,795 INFO  SwAddin.cs: 217 - Connecting plugin to SolidWorks
2023-09-21 13:15:48,050 INFO  SwAddin.cs: 294 - Assembly export called for file Assem1
2023-09-21 13:15:48,052 INFO  SwAddin.cs: 299 - Save is required
2023-09-21 13:15:48,052 INFO  SwAddin.cs: 313 - Saving assembly
2023-09-21 13:15:48,661 INFO  SwAddin.cs: 316 - Opening property manager
2023-09-21 13:15:48,689 INFO  ExportHelperExtension.cs: 1125 - Retrieving features of type [CoordSys] from Assem1
2023-09-21 13:15:48,700 INFO  ExportHelperExtension.cs: 1136 - Found 142 in Assem1
2023-09-21 13:15:48,702 INFO  ExportHelperExtension.cs: 1145 - Found 0 features of type [CoordSys] in Assem1
2023-09-21 13:15:48,703 INFO  ExportHelperExtension.cs: 1148 - Proceeding through assembly components
2023-09-21 13:15:48,706 INFO  ExportHelperExtension.cs: 1160 - 23 components to check
2023-09-21 13:15:48,707 INFO  ExportHelperExtension.cs: 1125 - Retrieving features of type [CoordSys] from Part3-1
2023-09-21 13:15:48,708 INFO  ExportHelperExtension.cs: 1136 - Found 38 in Part3-1
2023-09-21 13:15:48,709 INFO  ExportHelperExtension.cs: 1145 - Found 0 features of type [CoordSys] in Part3-1
2023-09-21 13:15:48,709 INFO  ExportHelperExtension.cs: 1125 - Retrieving features of type [CoordSys] from Part1-1
2023-09-21 13:15:48,710 INFO  ExportHelperExtension.cs: 1136 - Found 33 in Part1-1
2023-09-21 13:15:48,710 INFO  ExportHelperExtension.cs: 1145 - Found 0 features of type [CoordSys] in Part1-1
2023-09-21 13:15:48,711 INFO  ExportHelperExtension.cs: 1125 - Retrieving features of type [CoordSys] from gt2_pulley-1
2023-09-21 13:15:48,712 INFO  ExportHelperExtension.cs: 1136 - Found 35 in gt2_pulley-1
2023-09-21 13:15:48,712 INFO  ExportHelperExtension.cs: 1145 - Found 0 features of type [CoordSys] in gt2_pulley-1
2023-09-21 13:15:48,713 INFO  ExportHelperExtension.cs: 1125 - Retrieving features of type [CoordSys] from gt2_pulley-2
2023-09-21 13:15:48,713 INFO  ExportHelperExtension.cs: 1136 - Found 35 in gt2_pulley-2
2023-09-21 13:15:48,714 INFO  ExportHelperExtension.cs: 1145 - Found 0 features of type [CoordSys] in gt2_pulley-2
2023-09-21 13:15:48,714 INFO  ExportHelperExtension.cs: 1125 - Retrieving features of type [CoordSys] from part4-7
2023-09-21 13:15:48,715 INFO  ExportHelperExtension.cs: 1136 - Found 27 in part4-7
2023-09-21 13:15:48,715 INFO  ExportHelperExtension.cs: 1145 - Found 0 features of type [CoordSys] in part4-7
2023-09-21 13:15:48,715 INFO  ExportHelperExtension.cs: 1125 - Retrieving features of type [CoordSys] from part4-8
2023-09-21 13:15:48,716 INFO  ExportHelperExtension.cs: 1136 - Found 27 in part4-8
2023-09-21 13:15:48,716 INFO  ExportHelperExtension.cs: 1145 - Found 0 features of type [CoordSys] in part4-8
2023-09-21 13:15:48,716 INFO  ExportHelperExtension.cs: 1125 - Retrieving features of type [CoordSys] from rod-3
2023-09-21 13:15:48,717 INFO  ExportHelperExtension.cs: 1136 - Found 25 in rod-3
2023-09-21 13:15:48,717 INFO  ExportHelperExtension.cs: 1145 - Found 0 features of type [CoordSys] in rod-3
2023-09-21 13:15:48,718 INFO  ExportHelperExtension.cs: 1125 - Retrieving features of type [CoordSys] from rod-4
2023-09-21 13:15:48,718 INFO  ExportHelperExtension.cs: 1136 - Found 25 in rod-4
2023-09-21 13:15:48,718 INFO  ExportHelperExtension.cs: 1145 - Found 0 features of type [CoordSys] in rod-4
2023-09-21 13:15:48,719 INFO  ExportHelperExtension.cs: 1125 - Retrieving features of type [CoordSys] from rod-2
2023-09-21 13:15:48,719 INFO  ExportHelperExtension.cs: 1136 - Found 25 in rod-2
2023-09-21 13:15:48,720 INFO  ExportHelperExtension.cs: 1145 - Found 0 features of type [CoordSys] in rod-2
2023-09-21 13:15:48,720 INFO  ExportHelperExtension.cs: 1125 - Retrieving features of type [CoordSys] from rod-1
2023-09-21 13:15:48,720 INFO  ExportHelperExtension.cs: 1136 - Found 25 in rod-1
2023-09-21 13:15:48,721 INFO  ExportHelperExtension.cs: 1145 - Found 0 features of type [CoordSys] in rod-1
2023-09-21 13:15:48,721 INFO  ExportHelperExtension.cs: 1125 - Retrieving features of type [CoordSys] from Part2-1
2023-09-21 13:15:48,721 INFO  ExportHelperExtension.cs: 1136 - Found 46 in Part2-1
2023-09-21 13:15:48,722 INFO  ExportHelperExtension.cs: 1145 - Found 0 features of type [CoordSys] in Part2-1
2023-09-21 13:15:48,722 INFO  ExportHelperExtension.cs: 1125 - Retrieving features of type [CoordSys] from stepper motor shaft-5
2023-09-21 13:15:48,723 INFO  ExportHelperExtension.cs: 1136 - Found 29 in stepper motor shaft-5
2023-09-21 13:15:48,723 INFO  ExportHelperExtension.cs: 1145 - Found 0 features of type [CoordSys] in stepper motor shaft-5
2023-09-21 13:15:48,723 INFO  ExportHelperExtension.cs: 1125 - Retrieving features of type [CoordSys] from part4-10
2023-09-21 13:15:48,723 INFO  ExportHelperExtension.cs: 1136 - Found 27 in part4-10
2023-09-21 13:15:48,724 INFO  ExportHelperExtension.cs: 1145 - Found 0 features of type [CoordSys] in part4-10
2023-09-21 13:15:48,724 INFO  ExportHelperExtension.cs: 1125 - Retrieving features of type [CoordSys] from rod-7
2023-09-21 13:15:48,724 INFO  ExportHelperExtension.cs: 1136 - Found 25 in rod-7
2023-09-21 13:15:48,725 INFO  ExportHelperExtension.cs: 1145 - Found 0 features of type [CoordSys] in rod-7
2023-09-21 13:15:48,725 INFO  ExportHelperExtension.cs: 1125 - Retrieving features of type [CoordSys] from part 5-1
2023-09-21 13:15:48,725 INFO  ExportHelperExtension.cs: 1136 - Found 30 in part 5-1
2023-09-21 13:15:48,725 INFO  ExportHelperExtension.cs: 1145 - Found 0 features of type [CoordSys] in part 5-1
2023-09-21 13:15:48,726 INFO  ExportHelperExtension.cs: 1125 - Retrieving features of type [CoordSys] from rod-6
2023-09-21 13:15:48,726 INFO  ExportHelperExtension.cs: 1136 - Found 25 in rod-6
2023-09-21 13:15:48,726 INFO  ExportHelperExtension.cs: 1145 - Found 0 features of type [CoordSys] in rod-6
2023-09-21 13:15:48,727 INFO  ExportHelperExtension.cs: 1125 - Retrieving features of type [CoordSys] from stepper motor-4
2023-09-21 13:15:48,727 INFO  ExportHelperExtension.cs: 1136 - Found 47 in stepper motor-4
2023-09-21 13:15:48,727 INFO  ExportHelperExtension.cs: 1145 - Found 0 features of type [CoordSys] in stepper motor-4
2023-09-21 13:15:48,728 INFO  ExportHelperExtension.cs: 1125 - Retrieving features of type [CoordSys] from part4-9
2023-09-21 13:15:48,728 INFO  ExportHelperExtension.cs: 1136 - Found 27 in part4-9
2023-09-21 13:15:48,728 INFO  ExportHelperExtension.cs: 1145 - Found 0 features of type [CoordSys] in part4-9
2023-09-21 13:15:48,728 INFO  ExportHelperExtension.cs: 1125 - Retrieving features of type [CoordSys] from part6-1
2023-09-21 13:15:48,729 INFO  ExportHelperExtension.cs: 1136 - Found 33 in part6-1
2023-09-21 13:15:48,729 INFO  ExportHelperExtension.cs: 1145 - Found 0 features of type [CoordSys] in part6-1
2023-09-21 13:15:48,729 INFO  ExportHelperExtension.cs: 1125 - Retrieving features of type [CoordSys] from part4-12
2023-09-21 13:15:48,730 INFO  ExportHelperExtension.cs: 1136 - Found 27 in part4-12
2023-09-21 13:15:48,730 INFO  ExportHelperExtension.cs: 1145 - Found 0 features of type [CoordSys] in part4-12
2023-09-21 13:15:48,730 INFO  ExportHelperExtension.cs: 1125 - Retrieving features of type [CoordSys] from stepper motor-3
2023-09-21 13:15:48,731 INFO  ExportHelperExtension.cs: 1136 - Found 47 in stepper motor-3
2023-09-21 13:15:48,731 INFO  ExportHelperExtension.cs: 1145 - Found 0 features of type [CoordSys] in stepper motor-3
2023-09-21 13:15:48,731 INFO  ExportHelperExtension.cs: 1125 - Retrieving features of type [CoordSys] from stepper motor shaft-6
2023-09-21 13:15:48,732 INFO  ExportHelperExtension.cs: 1136 - Found 29 in stepper motor shaft-6
2023-09-21 13:15:48,732 INFO  ExportHelperExtension.cs: 1145 - Found 0 features of type [CoordSys] in stepper motor shaft-6
2023-09-21 13:15:48,732 INFO  ExportHelperExtension.cs: 1125 - Retrieving features of type [CoordSys] from part4-11
2023-09-21 13:15:48,732 INFO  ExportHelperExtension.cs: 1136 - Found 27 in part4-11
2023-09-21 13:15:48,733 INFO  ExportHelperExtension.cs: 1145 - Found 0 features of type [CoordSys] in part4-11
2023-09-21 13:15:48,733 INFO  ExportHelperExtension.cs: 1125 - Retrieving features of type [RefAxis] from Assem1
2023-09-21 13:15:48,734 INFO  ExportHelperExtension.cs: 1136 - Found 142 in Assem1
2023-09-21 13:15:48,734 INFO  ExportHelperExtension.cs: 1145 - Found 0 features of type [RefAxis] in Assem1
2023-09-21 13:15:48,735 INFO  ExportHelperExtension.cs: 1148 - Proceeding through assembly components
2023-09-21 13:15:48,735 INFO  ExportHelperExtension.cs: 1160 - 23 components to check
2023-09-21 13:15:48,735 INFO  ExportHelperExtension.cs: 1125 - Retrieving features of type [RefAxis] from Part3-1
2023-09-21 13:15:48,736 INFO  ExportHelperExtension.cs: 1136 - Found 38 in Part3-1
2023-09-21 13:15:48,736 INFO  ExportHelperExtension.cs: 1145 - Found 0 features of type [RefAxis] in Part3-1
2023-09-21 13:15:48,736 INFO  ExportHelperExtension.cs: 1125 - Retrieving features of type [RefAxis] from Part1-1
2023-09-21 13:15:48,736 INFO  ExportHelperExtension.cs: 1136 - Found 33 in Part1-1
2023-09-21 13:15:48,737 INFO  ExportHelperExtension.cs: 1145 - Found 0 features of type [RefAxis] in Part1-1
2023-09-21 13:15:48,737 INFO  ExportHelperExtension.cs: 1125 - Retrieving features of type [RefAxis] from gt2_pulley-1
2023-09-21 13:15:48,737 INFO  ExportHelperExtension.cs: 1136 - Found 35 in gt2_pulley-1
2023-09-21 13:15:48,738 INFO  ExportHelperExtension.cs: 1145 - Found 0 features of type [RefAxis] in gt2_pulley-1
2023-09-21 13:15:48,738 INFO  ExportHelperExtension.cs: 1125 - Retrieving features of type [RefAxis] from gt2_pulley-2
2023-09-21 13:15:48,738 INFO  ExportHelperExtension.cs: 1136 - Found 35 in gt2_pulley-2
2023-09-21 13:15:48,738 INFO  ExportHelperExtension.cs: 1145 - Found 0 features of type [RefAxis] in gt2_pulley-2
2023-09-21 13:15:48,739 INFO  ExportHelperExtension.cs: 1125 - Retrieving features of type [RefAxis] from part4-7
2023-09-21 13:15:48,739 INFO  ExportHelperExtension.cs: 1136 - Found 27 in part4-7
2023-09-21 13:15:48,739 INFO  ExportHelperExtension.cs: 1145 - Found 0 features of type [RefAxis] in part4-7
2023-09-21 13:15:48,740 INFO  ExportHelperExtension.cs: 1125 - Retrieving features of type [RefAxis] from part4-8
2023-09-21 13:15:48,740 INFO  ExportHelperExtension.cs: 1136 - Found 27 in part4-8
2023-09-21 13:15:48,740 INFO  ExportHelperExtension.cs: 1145 - Found 0 features of type [RefAxis] in part4-8
2023-09-21 13:15:48,741 INFO  ExportHelperExtension.cs: 1125 - Retrieving features of type [RefAxis] from rod-3
2023-09-21 13:15:48,741 INFO  ExportHelperExtension.cs: 1136 - Found 25 in rod-3
2023-09-21 13:15:48,741 INFO  ExportHelperExtension.cs: 1145 - Found 0 features of type [RefAxis] in rod-3
2023-09-21 13:15:48,742 INFO  ExportHelperExtension.cs: 1125 - Retrieving features of type [RefAxis] from rod-4
2023-09-21 13:15:48,742 INFO  ExportHelperExtension.cs: 1136 - Found 25 in rod-4
2023-09-21 13:15:48,742 INFO  ExportHelperExtension.cs: 1145 - Found 0 features of type [RefAxis] in rod-4
2023-09-21 13:15:48,743 INFO  ExportHelperExtension.cs: 1125 - Retrieving features of type [RefAxis] from rod-2
2023-09-21 13:15:48,743 INFO  ExportHelperExtension.cs: 1136 - Found 25 in rod-2
2023-09-21 13:15:48,743 INFO  ExportHelperExtension.cs: 1145 - Found 0 features of type [RefAxis] in rod-2
2023-09-21 13:15:48,743 INFO  ExportHelperExtension.cs: 1125 - Retrieving features of type [RefAxis] from rod-1
2023-09-21 13:15:48,744 INFO  ExportHelperExtension.cs: 1136 - Found 25 in rod-1
2023-09-21 13:15:48,744 INFO  ExportHelperExtension.cs: 1145 - Found 0 features of type [RefAxis] in rod-1
2023-09-21 13:15:48,744 INFO  ExportHelperExtension.cs: 1125 - Retrieving features of type [RefAxis] from Part2-1
2023-09-21 13:15:48,744 INFO  ExportHelperExtension.cs: 1136 - Found 46 in Part2-1
2023-09-21 13:15:48,745 INFO  ExportHelperExtension.cs: 1145 - Found 0 features of type [RefAxis] in Part2-1
2023-09-21 13:15:48,745 INFO  ExportHelperExtension.cs: 1125 - Retrieving features of type [RefAxis] from stepper motor shaft-5
2023-09-21 13:15:48,745 INFO  ExportHelperExtension.cs: 1136 - Found 29 in stepper motor shaft-5
2023-09-21 13:15:48,746 INFO  ExportHelperExtension.cs: 1145 - Found 0 features of type [RefAxis] in stepper motor shaft-5
2023-09-21 13:15:48,746 INFO  ExportHelperExtension.cs: 1125 - Retrieving features of type [RefAxis] from part4-10
2023-09-21 13:15:48,746 INFO  ExportHelperExtension.cs: 1136 - Found 27 in part4-10
2023-09-21 13:15:48,746 INFO  ExportHelperExtension.cs: 1145 - Found 0 features of type [RefAxis] in part4-10
2023-09-21 13:15:48,747 INFO  ExportHelperExtension.cs: 1125 - Retrieving features of type [RefAxis] from rod-7
2023-09-21 13:15:48,747 INFO  ExportHelperExtension.cs: 1136 - Found 25 in rod-7
2023-09-21 13:15:48,747 INFO  ExportHelperExtension.cs: 1145 - Found 0 features of type [RefAxis] in rod-7
2023-09-21 13:15:48,747 INFO  ExportHelperExtension.cs: 1125 - Retrieving features of type [RefAxis] from part 5-1
2023-09-21 13:15:48,748 INFO  ExportHelperExtension.cs: 1136 - Found 30 in part 5-1
2023-09-21 13:15:48,748 INFO  ExportHelperExtension.cs: 1145 - Found 0 features of type [RefAxis] in part 5-1
2023-09-21 13:15:48,748 INFO  ExportHelperExtension.cs: 1125 - Retrieving features of type [RefAxis] from rod-6
2023-09-21 13:15:48,749 INFO  ExportHelperExtension.cs: 1136 - Found 25 in rod-6
2023-09-21 13:15:48,749 INFO  ExportHelperExtension.cs: 1145 - Found 0 features of type [RefAxis] in rod-6
2023-09-21 13:15:48,749 INFO  ExportHelperExtension.cs: 1125 - Retrieving features of type [RefAxis] from stepper motor-4
2023-09-21 13:15:48,750 INFO  ExportHelperExtension.cs: 1136 - Found 47 in stepper motor-4
2023-09-21 13:15:48,750 INFO  ExportHelperExtension.cs: 1145 - Found 0 features of type [RefAxis] in stepper motor-4
2023-09-21 13:15:48,750 INFO  ExportHelperExtension.cs: 1125 - Retrieving features of type [RefAxis] from part4-9
2023-09-21 13:15:48,750 INFO  ExportHelperExtension.cs: 1136 - Found 27 in part4-9
2023-09-21 13:15:48,751 INFO  ExportHelperExtension.cs: 1145 - Found 0 features of type [RefAxis] in part4-9
2023-09-21 13:15:48,751 INFO  ExportHelperExtension.cs: 1125 - Retrieving features of type [RefAxis] from part6-1
2023-09-21 13:15:48,751 INFO  ExportHelperExtension.cs: 1136 - Found 33 in part6-1
2023-09-21 13:15:48,752 INFO  ExportHelperExtension.cs: 1145 - Found 0 features of type [RefAxis] in part6-1
2023-09-21 13:15:48,758 INFO  ExportHelperExtension.cs: 1125 - Retrieving features of type [RefAxis] from part4-12
2023-09-21 13:15:48,802 INFO  ExportHelperExtension.cs: 1136 - Found 27 in part4-12
2023-09-21 13:15:48,807 INFO  ExportHelperExtension.cs: 1145 - Found 0 features of type [RefAxis] in part4-12
2023-09-21 13:15:48,807 INFO  ExportHelperExtension.cs: 1125 - Retrieving features of type [RefAxis] from stepper motor-3
2023-09-21 13:15:48,809 INFO  ExportHelperExtension.cs: 1136 - Found 47 in stepper motor-3
2023-09-21 13:15:48,810 INFO  ExportHelperExtension.cs: 1145 - Found 0 features of type [RefAxis] in stepper motor-3
2023-09-21 13:15:48,810 INFO  ExportHelperExtension.cs: 1125 - Retrieving features of type [RefAxis] from stepper motor shaft-6
2023-09-21 13:15:48,811 INFO  ExportHelperExtension.cs: 1136 - Found 29 in stepper motor shaft-6
2023-09-21 13:15:48,811 INFO  ExportHelperExtension.cs: 1145 - Found 0 features of type [RefAxis] in stepper motor shaft-6
2023-09-21 13:15:48,812 INFO  ExportHelperExtension.cs: 1125 - Retrieving features of type [RefAxis] from part4-11
2023-09-21 13:15:48,812 INFO  ExportHelperExtension.cs: 1136 - Found 27 in part4-11
2023-09-21 13:15:48,813 INFO  ExportHelperExtension.cs: 1145 - Found 0 features of type [RefAxis] in part4-11
2023-09-21 13:15:49,194 INFO  SwAddin.cs: 339 - Loading config tree
2023-09-21 13:15:49,199 INFO  ExportPropertyManagerExtension.cs: 520 - Starting new configuration
2023-09-21 13:15:49,204 INFO  SwAddin.cs: 344 - Showing property manager
2023-09-21 13:16:54,433 INFO  ExportPropertyManager.cs: 1136 - OnNumberBoxTrackingCompleted called. This method no longer throws an Exception. It just silently does nothing. Ok, except for this logging message
2023-09-21 13:17:25,843 INFO  ExportPropertyManager.cs: 1018 - OnComboboxSelectionChanged called. This method no longer throws an Exception. It just silently does nothing. Ok, except for this logging message
2023-09-21 13:17:30,142 INFO  ExportPropertyManager.cs: 1136 - OnNumberBoxTrackingCompleted called. This method no longer throws an Exception. It just silently does nothing. Ok, except for this logging message
2023-09-21 13:18:29,631 INFO  ExportPropertyManager.cs: 1036 - OnListboxSelectionChanged called. This method no longer throws an Exception. It just silently does nothing. Ok, except for this logging message
2023-09-21 13:18:53,632 INFO  ExportPropertyManager.cs: 1136 - OnNumberBoxTrackingCompleted called. This method no longer throws an Exception. It just silently does nothing. Ok, except for this logging message
2023-09-21 13:18:53,722 INFO  ExportPropertyManager.cs: 1136 - OnNumberBoxTrackingCompleted called. This method no longer throws an Exception. It just silently does nothing. Ok, except for this logging message
2023-09-21 13:18:56,626 INFO  ExportPropertyManager.cs: 1136 - OnNumberBoxTrackingCompleted called. This method no longer throws an Exception. It just silently does nothing. Ok, except for this logging message
2023-09-21 13:18:57,103 INFO  ExportPropertyManager.cs: 1136 - OnNumberBoxTrackingCompleted called. This method no longer throws an Exception. It just silently does nothing. Ok, except for this logging message
2023-09-21 13:19:12,155 INFO  ExportPropertyManager.cs: 422 - Configuration saved
2023-09-21 13:19:15,654 INFO  ExportHelperExtension.cs: 347 - Creating joint link1
2023-09-21 13:19:15,663 INFO  ExportHelperExtension.cs: 1397 - Fixing components for base_link
2023-09-21 13:19:15,664 INFO  ExportHelperExtension.cs: 1402 - Fixing 24
2023-09-21 13:19:15,665 INFO  ExportHelperExtension.cs: 1409 - Component 24 is already fixed
2023-09-21 13:19:15,666 INFO  ExportHelperExtension.cs: 1402 - Fixing 26
2023-09-21 13:19:15,666 INFO  ExportHelperExtension.cs: 1402 - Fixing 27
2023-09-21 13:19:15,666 INFO  ExportHelperExtension.cs: 1402 - Fixing 30
2023-09-21 13:19:15,667 INFO  ExportHelperExtension.cs: 1402 - Fixing 31
2023-09-21 13:19:15,667 INFO  ExportHelperExtension.cs: 1402 - Fixing 32
2023-09-21 13:19:15,667 INFO  ExportHelperExtension.cs: 1402 - Fixing 76
2023-09-21 13:19:15,668 INFO  ExportHelperExtension.cs: 1402 - Fixing 336
2023-09-21 13:19:15,668 INFO  ExportHelperExtension.cs: 1402 - Fixing 337
2023-09-21 13:19:15,962 INFO  ExportHelperExtension.cs: 832 - R1: 0, 0
2023-09-21 13:19:15,963 INFO  ExportHelperExtension.cs: 841 - R2: 0, 0
2023-09-21 13:19:15,976 INFO  : 0 - L1: 1, System.Double[]
2023-09-21 13:19:15,983 INFO  ExportHelperExtension.cs: 857 - L2: 0
2023-09-21 13:19:16,079 INFO  ExportHelperExtension.cs: 1352 - Unfixing component 26
2023-09-21 13:19:16,080 INFO  ExportHelperExtension.cs: 1352 - Unfixing component 27
2023-09-21 13:19:16,080 INFO  ExportHelperExtension.cs: 1352 - Unfixing component 30
2023-09-21 13:19:16,081 INFO  ExportHelperExtension.cs: 1352 - Unfixing component 31
2023-09-21 13:19:16,081 INFO  ExportHelperExtension.cs: 1352 - Unfixing component 32
2023-09-21 13:19:16,081 INFO  ExportHelperExtension.cs: 1352 - Unfixing component 76
2023-09-21 13:19:16,081 INFO  ExportHelperExtension.cs: 1352 - Unfixing component 336
2023-09-21 13:19:16,082 INFO  ExportHelperExtension.cs: 1352 - Unfixing component 337
2023-09-21 13:19:17,685 WARN  ExportHelperExtension.cs: 351 - Creating joint from parent base_link to child link1 failed
2023-09-21 13:19:19,744 INFO  ExportHelperExtension.cs: 347 - Creating joint link2
2023-09-21 13:19:19,745 INFO  ExportHelperExtension.cs: 1397 - Fixing components for link1
2023-09-21 13:19:19,745 INFO  ExportHelperExtension.cs: 1402 - Fixing 25
2023-09-21 13:19:19,746 INFO  ExportHelperExtension.cs: 1402 - Fixing 167
2023-09-21 13:19:19,746 INFO  ExportHelperExtension.cs: 1402 - Fixing 166
2023-09-21 13:19:19,746 INFO  ExportHelperExtension.cs: 1402 - Fixing 165
2023-09-21 13:19:19,746 INFO  ExportHelperExtension.cs: 1402 - Fixing 164
2023-09-21 13:19:19,747 INFO  ExportHelperExtension.cs: 1402 - Fixing 163
2023-09-21 13:19:19,747 INFO  ExportHelperExtension.cs: 1402 - Fixing 162
2023-09-21 13:19:19,747 INFO  ExportHelperExtension.cs: 1402 - Fixing 335
2023-09-21 13:19:19,748 INFO  ExportHelperExtension.cs: 1402 - Fixing 334
2023-09-21 13:19:19,748 INFO  ExportHelperExtension.cs: 1402 - Fixing 77
2023-09-21 13:19:19,748 INFO  ExportHelperExtension.cs: 1402 - Fixing 24
2023-09-21 13:19:19,748 INFO  ExportHelperExtension.cs: 1409 - Component 24 is already fixed
2023-09-21 13:19:19,749 INFO  ExportHelperExtension.cs: 1402 - Fixing 26
2023-09-21 13:19:19,749 INFO  ExportHelperExtension.cs: 1402 - Fixing 27
2023-09-21 13:19:19,749 INFO  ExportHelperExtension.cs: 1402 - Fixing 30
2023-09-21 13:19:19,749 INFO  ExportHelperExtension.cs: 1402 - Fixing 31
2023-09-21 13:19:19,750 INFO  ExportHelperExtension.cs: 1402 - Fixing 32
2023-09-21 13:19:19,750 INFO  ExportHelperExtension.cs: 1402 - Fixing 76
2023-09-21 13:19:19,750 INFO  ExportHelperExtension.cs: 1402 - Fixing 336
2023-09-21 13:19:19,750 INFO  ExportHelperExtension.cs: 1402 - Fixing 337
2023-09-21 13:19:20,226 INFO  : 0 - R1: 1, System.__ComObject, 1, System.Double[]
2023-09-21 13:19:20,226 INFO  ExportHelperExtension.cs: 841 - R2: 0, 0
2023-09-21 13:19:20,227 INFO  ExportHelperExtension.cs: 845 - L1: 1, System.Double[]
2023-09-21 13:19:20,227 INFO  ExportHelperExtension.cs: 857 - L2: 0
2023-09-21 13:19:20,232 INFO  ExportHelperExtension.cs: 1352 - Unfixing component 25
2023-09-21 13:19:20,232 INFO  ExportHelperExtension.cs: 1352 - Unfixing component 167
2023-09-21 13:19:20,233 INFO  ExportHelperExtension.cs: 1352 - Unfixing component 166
2023-09-21 13:19:20,233 INFO  ExportHelperExtension.cs: 1352 - Unfixing component 165
2023-09-21 13:19:20,233 INFO  ExportHelperExtension.cs: 1352 - Unfixing component 164
2023-09-21 13:19:20,234 INFO  ExportHelperExtension.cs: 1352 - Unfixing component 163
2023-09-21 13:19:20,234 INFO  ExportHelperExtension.cs: 1352 - Unfixing component 162
2023-09-21 13:19:20,234 INFO  ExportHelperExtension.cs: 1352 - Unfixing component 335
2023-09-21 13:19:20,234 INFO  ExportHelperExtension.cs: 1352 - Unfixing component 334
2023-09-21 13:19:20,235 INFO  ExportHelperExtension.cs: 1352 - Unfixing component 77
2023-09-21 13:19:20,235 INFO  ExportHelperExtension.cs: 1352 - Unfixing component 26
2023-09-21 13:19:20,235 INFO  ExportHelperExtension.cs: 1352 - Unfixing component 27
2023-09-21 13:19:20,236 INFO  ExportHelperExtension.cs: 1352 - Unfixing component 30
2023-09-21 13:19:20,236 INFO  ExportHelperExtension.cs: 1352 - Unfixing component 31
2023-09-21 13:19:20,237 INFO  ExportHelperExtension.cs: 1352 - Unfixing component 32
2023-09-21 13:19:20,237 INFO  ExportHelperExtension.cs: 1352 - Unfixing component 76
2023-09-21 13:19:20,237 INFO  ExportHelperExtension.cs: 1352 - Unfixing component 336
2023-09-21 13:19:20,238 INFO  ExportHelperExtension.cs: 1352 - Unfixing component 337
2023-09-21 13:19:22,114 WARN  ExportHelperExtension.cs: 351 - Creating joint from parent link1 to child link2 failed
2023-09-21 13:19:22,218 INFO  ExportHelperExtension.cs: 1125 - Retrieving features of type [CoordSys] from Assem1
2023-09-21 13:19:22,227 INFO  ExportHelperExtension.cs: 1136 - Found 149 in Assem1
2023-09-21 13:19:22,227 INFO  ExportHelperExtension.cs: 1145 - Found 3 features of type [CoordSys] in Assem1
2023-09-21 13:19:22,227 INFO  ExportHelperExtension.cs: 1148 - Proceeding through assembly components
2023-09-21 13:19:22,228 INFO  ExportHelperExtension.cs: 1160 - 23 components to check
2023-09-21 13:19:22,228 INFO  ExportHelperExtension.cs: 1125 - Retrieving features of type [CoordSys] from Part3-1
2023-09-21 13:19:22,228 INFO  ExportHelperExtension.cs: 1136 - Found 38 in Part3-1
2023-09-21 13:19:22,229 INFO  ExportHelperExtension.cs: 1145 - Found 0 features of type [CoordSys] in Part3-1
2023-09-21 13:19:22,229 INFO  ExportHelperExtension.cs: 1125 - Retrieving features of type [CoordSys] from Part1-1
2023-09-21 13:19:22,230 INFO  ExportHelperExtension.cs: 1136 - Found 33 in Part1-1
2023-09-21 13:19:22,231 INFO  ExportHelperExtension.cs: 1145 - Found 0 features of type [CoordSys] in Part1-1
2023-09-21 13:19:22,231 INFO  ExportHelperExtension.cs: 1125 - Retrieving features of type [CoordSys] from gt2_pulley-1
2023-09-21 13:19:22,231 INFO  ExportHelperExtension.cs: 1136 - Found 35 in gt2_pulley-1
2023-09-21 13:19:22,232 INFO  ExportHelperExtension.cs: 1145 - Found 0 features of type [CoordSys] in gt2_pulley-1
2023-09-21 13:19:22,232 INFO  ExportHelperExtension.cs: 1125 - Retrieving features of type [CoordSys] from gt2_pulley-2
2023-09-21 13:19:22,232 INFO  ExportHelperExtension.cs: 1136 - Found 35 in gt2_pulley-2
2023-09-21 13:19:22,233 INFO  ExportHelperExtension.cs: 1145 - Found 0 features of type [CoordSys] in gt2_pulley-2
2023-09-21 13:19:22,233 INFO  ExportHelperExtension.cs: 1125 - Retrieving features of type [CoordSys] from part4-7
2023-09-21 13:19:22,233 INFO  ExportHelperExtension.cs: 1136 - Found 27 in part4-7
2023-09-21 13:19:22,234 INFO  ExportHelperExtension.cs: 1145 - Found 0 features of type [CoordSys] in part4-7
2023-09-21 13:19:22,234 INFO  ExportHelperExtension.cs: 1125 - Retrieving features of type [CoordSys] from part4-8
2023-09-21 13:19:22,234 INFO  ExportHelperExtension.cs: 1136 - Found 27 in part4-8
2023-09-21 13:19:22,234 INFO  ExportHelperExtension.cs: 1145 - Found 0 features of type [CoordSys] in part4-8
2023-09-21 13:19:22,235 INFO  ExportHelperExtension.cs: 1125 - Retrieving features of type [CoordSys] from rod-3
2023-09-21 13:19:22,235 INFO  ExportHelperExtension.cs: 1136 - Found 25 in rod-3
2023-09-21 13:19:22,235 INFO  ExportHelperExtension.cs: 1145 - Found 0 features of type [CoordSys] in rod-3
2023-09-21 13:19:22,236 INFO  ExportHelperExtension.cs: 1125 - Retrieving features of type [CoordSys] from rod-4
2023-09-21 13:19:22,236 INFO  ExportHelperExtension.cs: 1136 - Found 25 in rod-4
2023-09-21 13:19:22,236 INFO  ExportHelperExtension.cs: 1145 - Found 0 features of type [CoordSys] in rod-4
2023-09-21 13:19:22,237 INFO  ExportHelperExtension.cs: 1125 - Retrieving features of type [CoordSys] from rod-2
2023-09-21 13:19:22,237 INFO  ExportHelperExtension.cs: 1136 - Found 25 in rod-2
2023-09-21 13:19:22,237 INFO  ExportHelperExtension.cs: 1145 - Found 0 features of type [CoordSys] in rod-2
2023-09-21 13:19:22,247 INFO  ExportHelperExtension.cs: 1125 - Retrieving features of type [CoordSys] from rod-1
2023-09-21 13:19:22,248 INFO  ExportHelperExtension.cs: 1136 - Found 25 in rod-1
2023-09-21 13:19:22,248 INFO  ExportHelperExtension.cs: 1145 - Found 0 features of type [CoordSys] in rod-1
2023-09-21 13:19:22,248 INFO  ExportHelperExtension.cs: 1125 - Retrieving features of type [CoordSys] from Part2-1
2023-09-21 13:19:22,269 INFO  ExportHelperExtension.cs: 1136 - Found 46 in Part2-1
2023-09-21 13:19:22,270 INFO  ExportHelperExtension.cs: 1145 - Found 0 features of type [CoordSys] in Part2-1
2023-09-21 13:19:22,270 INFO  ExportHelperExtension.cs: 1125 - Retrieving features of type [CoordSys] from stepper motor shaft-5
2023-09-21 13:19:22,270 INFO  ExportHelperExtension.cs: 1136 - Found 29 in stepper motor shaft-5
2023-09-21 13:19:22,271 INFO  ExportHelperExtension.cs: 1145 - Found 0 features of type [CoordSys] in stepper motor shaft-5
2023-09-21 13:19:22,271 INFO  ExportHelperExtension.cs: 1125 - Retrieving features of type [CoordSys] from part4-10
2023-09-21 13:19:22,271 INFO  ExportHelperExtension.cs: 1136 - Found 27 in part4-10
2023-09-21 13:19:22,272 INFO  ExportHelperExtension.cs: 1145 - Found 0 features of type [CoordSys] in part4-10
2023-09-21 13:19:22,272 INFO  ExportHelperExtension.cs: 1125 - Retrieving features of type [CoordSys] from rod-7
2023-09-21 13:19:22,272 INFO  ExportHelperExtension.cs: 1136 - Found 25 in rod-7
2023-09-21 13:19:22,272 INFO  ExportHelperExtension.cs: 1145 - Found 0 features of type [CoordSys] in rod-7
2023-09-21 13:19:22,273 INFO  ExportHelperExtension.cs: 1125 - Retrieving features of type [CoordSys] from part 5-1
2023-09-21 13:19:22,273 INFO  ExportHelperExtension.cs: 1136 - Found 30 in part 5-1
2023-09-21 13:19:22,273 INFO  ExportHelperExtension.cs: 1145 - Found 0 features of type [CoordSys] in part 5-1
2023-09-21 13:19:22,274 INFO  ExportHelperExtension.cs: 1125 - Retrieving features of type [CoordSys] from rod-6
2023-09-21 13:19:22,274 INFO  ExportHelperExtension.cs: 1136 - Found 25 in rod-6
2023-09-21 13:19:22,274 INFO  ExportHelperExtension.cs: 1145 - Found 0 features of type [CoordSys] in rod-6
2023-09-21 13:19:22,274 INFO  ExportHelperExtension.cs: 1125 - Retrieving features of type [CoordSys] from stepper motor-4
2023-09-21 13:19:22,275 INFO  ExportHelperExtension.cs: 1136 - Found 47 in stepper motor-4
2023-09-21 13:19:22,275 INFO  ExportHelperExtension.cs: 1145 - Found 0 features of type [CoordSys] in stepper motor-4
2023-09-21 13:19:22,275 INFO  ExportHelperExtension.cs: 1125 - Retrieving features of type [CoordSys] from part4-9
2023-09-21 13:19:22,276 INFO  ExportHelperExtension.cs: 1136 - Found 27 in part4-9
2023-09-21 13:19:22,276 INFO  ExportHelperExtension.cs: 1145 - Found 0 features of type [CoordSys] in part4-9
2023-09-21 13:19:22,276 INFO  ExportHelperExtension.cs: 1125 - Retrieving features of type [CoordSys] from part6-1
2023-09-21 13:19:22,277 INFO  ExportHelperExtension.cs: 1136 - Found 33 in part6-1
2023-09-21 13:19:22,277 INFO  ExportHelperExtension.cs: 1145 - Found 0 features of type [CoordSys] in part6-1
2023-09-21 13:19:22,277 INFO  ExportHelperExtension.cs: 1125 - Retrieving features of type [CoordSys] from part4-12
2023-09-21 13:19:22,278 INFO  ExportHelperExtension.cs: 1136 - Found 27 in part4-12
2023-09-21 13:19:22,278 INFO  ExportHelperExtension.cs: 1145 - Found 0 features of type [CoordSys] in part4-12
2023-09-21 13:19:22,278 INFO  ExportHelperExtension.cs: 1125 - Retrieving features of type [CoordSys] from stepper motor-3
2023-09-21 13:19:22,278 INFO  ExportHelperExtension.cs: 1136 - Found 47 in stepper motor-3
2023-09-21 13:19:22,279 INFO  ExportHelperExtension.cs: 1145 - Found 0 features of type [CoordSys] in stepper motor-3
2023-09-21 13:19:22,279 INFO  ExportHelperExtension.cs: 1125 - Retrieving features of type [CoordSys] from stepper motor shaft-6
2023-09-21 13:19:22,280 INFO  ExportHelperExtension.cs: 1136 - Found 29 in stepper motor shaft-6
2023-09-21 13:19:22,280 INFO  ExportHelperExtension.cs: 1145 - Found 0 features of type [CoordSys] in stepper motor shaft-6
2023-09-21 13:19:22,280 INFO  ExportHelperExtension.cs: 1125 - Retrieving features of type [CoordSys] from part4-11
2023-09-21 13:19:22,280 INFO  ExportHelperExtension.cs: 1136 - Found 27 in part4-11
2023-09-21 13:19:22,281 INFO  ExportHelperExtension.cs: 1145 - Found 0 features of type [CoordSys] in part4-11
2023-09-21 13:19:22,281 INFO  ExportHelperExtension.cs: 1125 - Retrieving features of type [RefAxis] from Assem1
2023-09-21 13:19:22,282 INFO  ExportHelperExtension.cs: 1136 - Found 149 in Assem1
2023-09-21 13:19:22,282 INFO  ExportHelperExtension.cs: 1145 - Found 2 features of type [RefAxis] in Assem1
2023-09-21 13:19:22,282 INFO  ExportHelperExtension.cs: 1148 - Proceeding through assembly components
2023-09-21 13:19:22,283 INFO  ExportHelperExtension.cs: 1160 - 23 components to check
2023-09-21 13:19:22,283 INFO  ExportHelperExtension.cs: 1125 - Retrieving features of type [RefAxis] from Part3-1
2023-09-21 13:19:22,283 INFO  ExportHelperExtension.cs: 1136 - Found 38 in Part3-1
2023-09-21 13:19:22,284 INFO  ExportHelperExtension.cs: 1145 - Found 0 features of type [RefAxis] in Part3-1
2023-09-21 13:19:22,284 INFO  ExportHelperExtension.cs: 1125 - Retrieving features of type [RefAxis] from Part1-1
2023-09-21 13:19:22,284 INFO  ExportHelperExtension.cs: 1136 - Found 33 in Part1-1
2023-09-21 13:19:22,285 INFO  ExportHelperExtension.cs: 1145 - Found 0 features of type [RefAxis] in Part1-1
2023-09-21 13:19:22,285 INFO  ExportHelperExtension.cs: 1125 - Retrieving features of type [RefAxis] from gt2_pulley-1
2023-09-21 13:19:22,285 INFO  ExportHelperExtension.cs: 1136 - Found 35 in gt2_pulley-1
2023-09-21 13:19:22,286 INFO  ExportHelperExtension.cs: 1145 - Found 0 features of type [RefAxis] in gt2_pulley-1
2023-09-21 13:19:22,286 INFO  ExportHelperExtension.cs: 1125 - Retrieving features of type [RefAxis] from gt2_pulley-2
2023-09-21 13:19:22,286 INFO  ExportHelperExtension.cs: 1136 - Found 35 in gt2_pulley-2
2023-09-21 13:19:22,286 INFO  ExportHelperExtension.cs: 1145 - Found 0 features of type [RefAxis] in gt2_pulley-2
2023-09-21 13:19:22,287 INFO  ExportHelperExtension.cs: 1125 - Retrieving features of type [RefAxis] from part4-7
2023-09-21 13:19:22,287 INFO  ExportHelperExtension.cs: 1136 - Found 27 in part4-7
2023-09-21 13:19:22,287 INFO  ExportHelperExtension.cs: 1145 - Found 0 features of type [RefAxis] in part4-7
2023-09-21 13:19:22,287 INFO  ExportHelperExtension.cs: 1125 - Retrieving features of type [RefAxis] from part4-8
2023-09-21 13:19:22,288 INFO  ExportHelperExtension.cs: 1136 - Found 27 in part4-8
2023-09-21 13:19:22,288 INFO  ExportHelperExtension.cs: 1145 - Found 0 features of type [RefAxis] in part4-8
2023-09-21 13:19:22,288 INFO  ExportHelperExtension.cs: 1125 - Retrieving features of type [RefAxis] from rod-3
2023-09-21 13:19:22,289 INFO  ExportHelperExtension.cs: 1136 - Found 25 in rod-3
2023-09-21 13:19:22,289 INFO  ExportHelperExtension.cs: 1145 - Found 0 features of type [RefAxis] in rod-3
2023-09-21 13:19:22,289 INFO  ExportHelperExtension.cs: 1125 - Retrieving features of type [RefAxis] from rod-4
2023-09-21 13:19:22,289 INFO  ExportHelperExtension.cs: 1136 - Found 25 in rod-4
2023-09-21 13:19:22,290 INFO  ExportHelperExtension.cs: 1145 - Found 0 features of type [RefAxis] in rod-4
2023-09-21 13:19:22,290 INFO  ExportHelperExtension.cs: 1125 - Retrieving features of type [RefAxis] from rod-2
2023-09-21 13:19:22,290 INFO  ExportHelperExtension.cs: 1136 - Found 25 in rod-2
2023-09-21 13:19:22,291 INFO  ExportHelperExtension.cs: 1145 - Found 0 features of type [RefAxis] in rod-2
2023-09-21 13:19:22,291 INFO  ExportHelperExtension.cs: 1125 - Retrieving features of type [RefAxis] from rod-1
2023-09-21 13:19:22,291 INFO  ExportHelperExtension.cs: 1136 - Found 25 in rod-1
2023-09-21 13:19:22,292 INFO  ExportHelperExtension.cs: 1145 - Found 0 features of type [RefAxis] in rod-1
2023-09-21 13:19:22,292 INFO  ExportHelperExtension.cs: 1125 - Retrieving features of type [RefAxis] from Part2-1
2023-09-21 13:19:22,292 INFO  ExportHelperExtension.cs: 1136 - Found 46 in Part2-1
2023-09-21 13:19:22,293 INFO  ExportHelperExtension.cs: 1145 - Found 0 features of type [RefAxis] in Part2-1
2023-09-21 13:19:22,293 INFO  ExportHelperExtension.cs: 1125 - Retrieving features of type [RefAxis] from stepper motor shaft-5
2023-09-21 13:19:22,293 INFO  ExportHelperExtension.cs: 1136 - Found 29 in stepper motor shaft-5
2023-09-21 13:19:22,294 INFO  ExportHelperExtension.cs: 1145 - Found 0 features of type [RefAxis] in stepper motor shaft-5
2023-09-21 13:19:22,294 INFO  ExportHelperExtension.cs: 1125 - Retrieving features of type [RefAxis] from part4-10
2023-09-21 13:19:22,294 INFO  ExportHelperExtension.cs: 1136 - Found 27 in part4-10
2023-09-21 13:19:22,294 INFO  ExportHelperExtension.cs: 1145 - Found 0 features of type [RefAxis] in part4-10
2023-09-21 13:19:22,295 INFO  ExportHelperExtension.cs: 1125 - Retrieving features of type [RefAxis] from rod-7
2023-09-21 13:19:22,295 INFO  ExportHelperExtension.cs: 1136 - Found 25 in rod-7
2023-09-21 13:19:22,295 INFO  ExportHelperExtension.cs: 1145 - Found 0 features of type [RefAxis] in rod-7
2023-09-21 13:19:22,296 INFO  ExportHelperExtension.cs: 1125 - Retrieving features of type [RefAxis] from part 5-1
2023-09-21 13:19:22,296 INFO  ExportHelperExtension.cs: 1136 - Found 30 in part 5-1
2023-09-21 13:19:22,297 INFO  ExportHelperExtension.cs: 1145 - Found 0 features of type [RefAxis] in part 5-1
2023-09-21 13:19:22,297 INFO  ExportHelperExtension.cs: 1125 - Retrieving features of type [RefAxis] from rod-6
2023-09-21 13:19:22,297 INFO  ExportHelperExtension.cs: 1136 - Found 25 in rod-6
2023-09-21 13:19:22,298 INFO  ExportHelperExtension.cs: 1145 - Found 0 features of type [RefAxis] in rod-6
2023-09-21 13:19:22,298 INFO  ExportHelperExtension.cs: 1125 - Retrieving features of type [RefAxis] from stepper motor-4
2023-09-21 13:19:22,298 INFO  ExportHelperExtension.cs: 1136 - Found 47 in stepper motor-4
2023-09-21 13:19:22,299 INFO  ExportHelperExtension.cs: 1145 - Found 0 features of type [RefAxis] in stepper motor-4
2023-09-21 13:19:22,299 INFO  ExportHelperExtension.cs: 1125 - Retrieving features of type [RefAxis] from part4-9
2023-09-21 13:19:22,299 INFO  ExportHelperExtension.cs: 1136 - Found 27 in part4-9
2023-09-21 13:19:22,300 INFO  ExportHelperExtension.cs: 1145 - Found 0 features of type [RefAxis] in part4-9
2023-09-21 13:19:22,300 INFO  ExportHelperExtension.cs: 1125 - Retrieving features of type [RefAxis] from part6-1
2023-09-21 13:19:22,300 INFO  ExportHelperExtension.cs: 1136 - Found 33 in part6-1
2023-09-21 13:19:22,300 INFO  ExportHelperExtension.cs: 1145 - Found 0 features of type [RefAxis] in part6-1
2023-09-21 13:19:22,301 INFO  ExportHelperExtension.cs: 1125 - Retrieving features of type [RefAxis] from part4-12
2023-09-21 13:19:22,301 INFO  ExportHelperExtension.cs: 1136 - Found 27 in part4-12
2023-09-21 13:19:22,301 INFO  ExportHelperExtension.cs: 1145 - Found 0 features of type [RefAxis] in part4-12
2023-09-21 13:19:22,302 INFO  ExportHelperExtension.cs: 1125 - Retrieving features of type [RefAxis] from stepper motor-3
2023-09-21 13:19:22,302 INFO  ExportHelperExtension.cs: 1136 - Found 47 in stepper motor-3
2023-09-21 13:19:22,302 INFO  ExportHelperExtension.cs: 1145 - Found 0 features of type [RefAxis] in stepper motor-3
2023-09-21 13:19:22,302 INFO  ExportHelperExtension.cs: 1125 - Retrieving features of type [RefAxis] from stepper motor shaft-6
2023-09-21 13:19:22,303 INFO  ExportHelperExtension.cs: 1136 - Found 29 in stepper motor shaft-6
2023-09-21 13:19:22,303 INFO  ExportHelperExtension.cs: 1145 - Found 0 features of type [RefAxis] in stepper motor shaft-6
2023-09-21 13:19:22,303 INFO  ExportHelperExtension.cs: 1125 - Retrieving features of type [RefAxis] from part4-11
2023-09-21 13:19:22,323 INFO  ExportHelperExtension.cs: 1136 - Found 27 in part4-11
2023-09-21 13:19:22,324 INFO  ExportHelperExtension.cs: 1145 - Found 0 features of type [RefAxis] in part4-11
2023-09-21 13:19:22,379 INFO  ExportPropertyManager.cs: 1142 - AfterClose called. This method no longer throws an Exception. It just silently does nothing. Ok, except for this logging message
2023-09-21 13:21:56,846 INFO  AssemblyExportForm.cs: 253 - Completing URDF export
2023-09-21 13:21:56,854 INFO  ConfigurationSerialization.cs: 276 - URDF Configuration found
<Link z:Id="i1" xmlns="http://schemas.datacontract.org/2004/07/SW2URDF" xmlns:i="http://www.w3.org/2001/XMLSchema-instance" xmlns:z="http://schemas.microsoft.com/2003/10/Serialization/"><Attributes><Attribute z:Id="i2"><AttributeType>name</AttributeType><IsRequired>true</IsRequired><Value i:type="a:string" xmlns:a="http://www.w3.org/2001/XMLSchema">base_link</Value></Attribute></Attributes><ChildElements><URDFElement z:Id="i3" i:type="Inertial"><Attributes/><ChildElements><URDFElement z:Id="i4" i:type="Origin"><Attributes><Attribute z:Id="i5"><AttributeType>xyz</AttributeType><IsRequired>true</IsRequired><Value i:type="a:ArrayOfdouble" xmlns:a="http://schemas.microsoft.com/2003/10/Serialization/Arrays"><a:double>0</a:double><a:double>0</a:double><a:double>0</a:double></Value></Attribute><Attribute z:Id="i6"><AttributeType>rpy</AttributeType><IsRequired>true</IsRequired><Value i:type="a:ArrayOfdouble" xmlns:a="http://schemas.microsoft.com/2003/10/Serialization/Arrays"><a:double>0</a:double><a:double>0</a:double><a:double>0</a:double></Value></Attribute></Attributes><ChildElements/><ElementName>origin</ElementName><required>false</required><RPYAttribute z:Ref="i6"/><XYZAttribute z:Ref="i5"/><isCustomized>false</isCustomized></URDFElement><URDFElement z:Id="i7" i:type="Mass"><Attributes><Attribute z:Id="i8"><AttributeType>value</AttributeType><IsRequired>true</IsRequired><Value i:type="a:double" xmlns:a="http://www.w3.org/2001/XMLSchema">0</Value></Attribute></Attributes><ChildElements/><ElementName>mass</ElementName><required>false</required><ValueAttribute z:Ref="i8"/></URDFElement><URDFElement z:Id="i9" i:type="Inertia"><Attributes><Attribute z:Id="i10"><AttributeType>ixx</AttributeType><IsRequired>true</IsRequired><Value i:type="a:double" xmlns:a="http://www.w3.org/2001/XMLSchema">0</Value></Attribute><Attribute z:Id="i11"><AttributeType>ixy</AttributeType><IsRequired>true</IsRequired><Value i:type="a:double" xmlns:a="http://www.w3.org/2001/XMLSchema">0</Value></Attribute><Attribute z:Id="i12"><AttributeType>ixz</AttributeType><IsRequired>true</IsRequired><Value i:type="a:double" xmlns:a="http://www.w3.org/2001/XMLSchema">0</Value></Attribute><Attribute z:Id="i13"><AttributeType>iyy</AttributeType><IsRequired>true</IsRequired><Value i:type="a:double" xmlns:a="http://www.w3.org/2001/XMLSchema">0</Value></Attribute><Attribute z:Id="i14"><AttributeType>iyz</AttributeType><IsRequired>true</IsRequired><Value i:type="a:double" xmlns:a="http://www.w3.org/2001/XMLSchema">0</Value></Attribute><Attribute z:Id="i15"><AttributeType>izz</AttributeType><IsRequired>true</IsRequired><Value i:type="a:double" xmlns:a="http://www.w3.org/2001/XMLSchema">0</Value></Attribute></Attributes><ChildElements/><ElementName>inertia</ElementName><required>false</required><IxxAttribute z:Ref="i10"/><IxyAttribute z:Ref="i11"/><IxzAttribute z:Ref="i12"/><IyyAttribute z:Ref="i13"/><IyzAttribute z:Ref="i14"/><IzzAttribute z:Ref="i15"/></URDFElement></ChildElements><ElementName>inertial</ElementName><required>false</required><Inertia z:Ref="i9"/><Mass z:Ref="i7"/><Origin z:Ref="i4"/></URDFElement><URDFElement z:Id="i16" i:type="Visual"><Attributes/><ChildElements><URDFElement z:Id="i17" i:type="Origin"><Attributes><Attribute z:Id="i18"><AttributeType>xyz</AttributeType><IsRequired>true</IsRequired><Value i:type="a:ArrayOfdouble" xmlns:a="http://schemas.microsoft.com/2003/10/Serialization/Arrays"><a:double>0</a:double><a:double>0</a:double><a:double>0</a:double></Value></Attribute><Attribute z:Id="i19"><AttributeType>rpy</AttributeType><IsRequired>true</IsRequired><Value i:type="a:ArrayOfdouble" xmlns:a="http://schemas.microsoft.com/2003/10/Serialization/Arrays"><a:double>0</a:double><a:double>0</a:double><a:double>0</a:double></Value></Attribute></Attributes><ChildElements/><ElementName>origin</ElementName><required>false</required><RPYAttribute z:Ref="i19"/><XYZAttribute z:Ref="i18"/><isCustomized>false</isCustomized></URDFElement><URDFElement z:Id="i20" i:type="Geometry"><Attributes/><ChildElements><URDFElement z:Id="i21" i:type="Mesh"><Attributes><Attribute z:Id="i22"><AttributeType>filename</AttributeType><IsRequired>true</IsRequired><Value i:nil="true"/></Attribute></Attributes><ChildElements/><ElementName>mesh</ElementName><required>false</required><FilenameAttribute z:Ref="i22"/></URDFElement></ChildElements><ElementName>geometry</ElementName><required>true</required><Mesh z:Ref="i21"/></URDFElement><URDFElement z:Id="i23" i:type="Material"><Attributes><Attribute z:Id="i24"><AttributeType>name</AttributeType><IsRequired>true</IsRequired><Value i:type="a:string" xmlns:a="http://www.w3.org/2001/XMLSchema"/></Attribute></Attributes><ChildElements><URDFElement z:Id="i25" i:type="Color"><Attributes><Attribute z:Id="i26"><AttributeType>rgba</AttributeType><IsRequired>true</IsRequired><Value i:type="a:ArrayOfdouble" xmlns:a="http://schemas.microsoft.com/2003/10/Serialization/Arrays"><a:double>1</a:double><a:double>1</a:double><a:double>1</a:double><a:double>1</a:double></Value></Attribute></Attributes><ChildElements/><ElementName>color</ElementName><required>false</required><RGBAAttribute z:Ref="i26"/></URDFElement><URDFElement z:Id="i27" i:type="Texture"><Attributes><Attribute z:Id="i28"><AttributeType>filename</AttributeType><IsRequired>true</IsRequired><Value i:nil="true"/></Attribute></Attributes><ChildElements/><ElementName>texture</ElementName><required>false</required><FilenameAttribute z:Ref="i28"/><wFilename/></URDFElement></ChildElements><ElementName>material</ElementName><required>false</required><Color z:Ref="i25"/><NameAttribute z:Ref="i24"/><Texture z:Ref="i27"/></URDFElement></ChildElements><ElementName>visual</ElementName><required>false</required><Geometry z:Ref="i20"/><Material z:Ref="i23"/><Origin z:Ref="i17"/></URDFElement><URDFElement z:Id="i29" i:type="Collision"><Attributes/><ChildElements><URDFElement z:Id="i30" i:type="Origin"><Attributes><Attribute z:Id="i31"><AttributeType>xyz</AttributeType><IsRequired>true</IsRequired><Value i:type="a:ArrayOfdouble" xmlns:a="http://schemas.microsoft.com/2003/10/Serialization/Arrays"><a:double>0</a:double><a:double>0</a:double><a:double>0</a:double></Value></Attribute><Attribute z:Id="i32"><AttributeType>rpy</AttributeType><IsRequired>true</IsRequired><Value i:type="a:ArrayOfdouble" xmlns:a="http://schemas.microsoft.com/2003/10/Serialization/Arrays"><a:double>0</a:double><a:double>0</a:double><a:double>0</a:double></Value></Attribute></Attributes><ChildElements/><ElementName>origin</ElementName><required>false</required><RPYAttribute z:Ref="i32"/><XYZAttribute z:Ref="i31"/><isCustomized>false</isCustomized></URDFElement><URDFElement z:Id="i33" i:type="Geometry"><Attributes/><ChildElements><URDFElement z:Id="i34" i:type="Mesh"><Attributes><Attribute z:Id="i35"><AttributeType>filename</AttributeType><IsRequired>true</IsRequired><Value i:nil="true"/></Attribute></Attributes><ChildElements/><ElementName>mesh</ElementName><required>false</required><FilenameAttribute z:Ref="i35"/></URDFElement></ChildElements><ElementName>geometry</ElementName><required>true</required><Mesh z:Ref="i34"/></URDFElement></ChildElements><ElementName>collision</ElementName><required>false</required><Geometry z:Ref="i33"/><Origin z:Ref="i30"/></URDFElement><URDFElement z:Id="i36" i:type="Joint"><Attributes><Attribute z:Id="i37"><AttributeType>name</AttributeType><IsRequired>true</IsRequired><Value i:type="a:string" xmlns:a="http://www.w3.org/2001/XMLSchema"/></Attribute><Attribute z:Id="i38"><AttributeType>type</AttributeType><IsRequired>true</IsRequired><Value i:type="a:string" xmlns:a="http://www.w3.org/2001/XMLSchema"/></Attribute></Attributes><ChildElements><URDFElement z:Id="i39" i:type="Origin"><Attributes><Attribute z:Id="i40"><AttributeType>xyz</AttributeType><IsRequired>true</IsRequired><Value i:type="a:ArrayOfdouble" xmlns:a="http://schemas.microsoft.com/2003/10/Serialization/Arrays"><a:double>0</a:double><a:double>0</a:double><a:double>0</a:double></Value></Attribute><Attribute z:Id="i41"><AttributeType>rpy</AttributeType><IsRequired>true</IsRequired><Value i:type="a:ArrayOfdouble" xmlns:a="http://schemas.microsoft.com/2003/10/Serialization/Arrays"><a:double>0</a:double><a:double>0</a:double><a:double>0</a:double></Value></Attribute></Attributes><ChildElements/><ElementName>origin</ElementName><required>false</required><RPYAttribute z:Ref="i41"/><XYZAttribute z:Ref="i40"/><isCustomized>false</isCustomized></URDFElement><URDFElement z:Id="i42" i:type="ParentLink"><Attributes><Attribute z:Id="i43"><AttributeType>link</AttributeType><IsRequired>true</IsRequired><Value i:type="a:string" xmlns:a="http://www.w3.org/2001/XMLSchema"/></Attribute></Attributes><ChildElements/><ElementName>parent</ElementName><required>true</required><NameAttribute z:Ref="i43"/></URDFElement><URDFElement z:Id="i44" i:type="ChildLink"><Attributes><Attribute z:Id="i45"><AttributeType>link</AttributeType><IsRequired>true</IsRequired><Value i:type="a:string" xmlns:a="http://www.w3.org/2001/XMLSchema"/></Attribute></Attributes><ChildElements/><ElementName>child</ElementName><required>true</required><NameAttribute z:Ref="i45"/></URDFElement><URDFElement z:Id="i46" i:type="Axis"><Attributes><Attribute z:Id="i47"><AttributeType>xyz</AttributeType><IsRequired>true</IsRequired><Value i:type="a:ArrayOfdouble" xmlns:a="http://schemas.microsoft.com/2003/10/Serialization/Arrays"><a:double>0</a:double><a:double>0</a:double><a:double>0</a:double></Value></Attribute></Attributes><ChildElements/><ElementName>axis</ElementName><required>false</required><XYZAttribute z:Ref="i47"/></URDFElement><URDFElement z:Id="i48" i:type="Limit"><Attributes><Attribute z:Id="i49"><AttributeType>lower</AttributeType><IsRequired>false</IsRequired><Value i:nil="true"/></Attribute><Attribute z:Id="i50"><AttributeType>upper</AttributeType><IsRequired>false</IsRequired><Value i:nil="true"/></Attribute><Attribute z:Id="i51"><AttributeType>effort</AttributeType><IsRequired>true</IsRequired><Value i:nil="true"/></Attribute><Attribute z:Id="i52"><AttributeType>velocity</AttributeType><IsRequired>true</IsRequired><Value i:nil="true"/></Attribute></Attributes><ChildElements/><ElementName>limit</ElementName><required>false</required><EffortAttribute z:Ref="i51"/><LowerAttribute z:Ref="i49"/><UpperAttribute z:Ref="i50"/><VelocityAttribute z:Ref="i52"/></URDFElement><URDFElement z:Id="i53" i:type="Calibration"><Attributes><Attribute z:Id="i54"><AttributeType>rising</AttributeType><IsRequired>false</IsRequired><Value i:nil="true"/></Attribute><Attribute z:Id="i55"><AttributeType>falling</AttributeType><IsRequired>false</IsRequired><Value i:nil="true"/></Attribute></Attributes><ChildElements/><ElementName>calibration</ElementName><required>false</required><FallingAttribute z:Ref="i55"/><RisingAttribute z:Ref="i54"/></URDFElement><URDFElement z:Id="i56" i:type="Dynamics"><Attributes><Attribute z:Id="i57"><AttributeType>damping</AttributeType><IsRequired>false</IsRequired><Value i:nil="true"/></Attribute><Attribute z:Id="i58"><AttributeType>friction</AttributeType><IsRequired>false</IsRequired><Value i:nil="true"/></Attribute></Attributes><ChildElements/><ElementName>dynamics</ElementName><required>false</required><DampingAttribute z:Ref="i57"/><FrictionAttribute z:Ref="i58"/></URDFElement><URDFElement z:Id="i59" i:type="SafetyController"><Attributes><Attribute z:Id="i60"><AttributeType>soft_upper_limit</AttributeType><IsRequired>false</IsRequired><Value i:nil="true"/></Attribute><Attribute z:Id="i61"><AttributeType>soft_lower_limit</AttributeType><IsRequired>false</IsRequired><Value i:nil="true"/></Attribute><Attribute z:Id="i62"><AttributeType>k_position</AttributeType><IsRequired>false</IsRequired><Value i:nil="true"/></Attribute><Attribute z:Id="i63"><AttributeType>k_velocity</AttributeType><IsRequired>true</IsRequired><Value i:nil="true"/></Attribute></Attributes><ChildElements/><ElementName>safety_controller</ElementName><required>false</required><KPositionAttribute z:Ref="i62"/><KVelocityAttribute z:Ref="i63"/><SoftLowerAttribute z:Ref="i61"/><SoftUpperAttribute z:Ref="i60"/></URDFElement><URDFElement z:Id="i64" i:type="Mimic"><Attributes><Attribute z:Id="i65"><AttributeType>joint</AttributeType><IsRequired>true</IsRequired><Value i:nil="true"/></Attribute><Attribute z:Id="i66"><AttributeType>multiplier</AttributeType><IsRequired>false</IsRequired><Value i:nil="true"/></Attribute><Attribute z:Id="i67"><AttributeType>offset</AttributeType><IsRequired>false</IsRequired><Value i:nil="true"/></Attribute></Attributes><ChildElements/><ElementName>mimic</ElementName><required>false</required><JointNameAttribute z:Ref="i65"/><MultiplierAttribute z:Ref="i66"/><OffsetAttribute z:Ref="i67"/></URDFElement></ChildElements><ElementName>joint</ElementName><required>false</required><Axis z:Ref="i46"/><AxisName/><Calibration z:Ref="i53"/><Child z:Ref="i44"/><CoordinateSystemName>Automatically Generate</CoordinateSystemName><Dynamics z:Ref="i56"/><Limit z:Ref="i48"/><Mimic z:Ref="i64"/><NameAttribute z:Ref="i37"/><Origin z:Ref="i39"/><Parent z:Ref="i42"/><Safety z:Ref="i59"/><TypeAttribute z:Ref="i38"/></URDFElement></ChildElements><ElementName>link</ElementName><required>true</required><Children><Link z:Id="i68"><Attributes><Attribute z:Id="i69"><AttributeType>name</AttributeType><IsRequired>true</IsRequired><Value i:type="a:string" xmlns:a="http://www.w3.org/2001/XMLSchema">link1</Value></Attribute></Attributes><ChildElements><URDFElement z:Id="i70" i:type="Inertial"><Attributes/><ChildElements><URDFElement z:Id="i71" i:type="Origin"><Attributes><Attribute z:Id="i72"><AttributeType>xyz</AttributeType><IsRequired>true</IsRequired><Value i:type="a:ArrayOfdouble" xmlns:a="http://schemas.microsoft.com/2003/10/Serialization/Arrays"><a:double>0</a:double><a:double>0</a:double><a:double>0</a:double></Value></Attribute><Attribute z:Id="i73"><AttributeType>rpy</AttributeType><IsRequired>true</IsRequired><Value i:type="a:ArrayOfdouble" xmlns:a="http://schemas.microsoft.com/2003/10/Serialization/Arrays"><a:double>0</a:double><a:double>0</a:double><a:double>0</a:double></Value></Attribute></Attributes><ChildElements/><ElementName>origin</ElementName><required>false</required><RPYAttribute z:Ref="i73"/><XYZAttribute z:Ref="i72"/><isCustomized>false</isCustomized></URDFElement><URDFElement z:Id="i74" i:type="Mass"><Attributes><Attribute z:Id="i75"><AttributeType>value</AttributeType><IsRequired>true</IsRequired><Value i:type="a:double" xmlns:a="http://www.w3.org/2001/XMLSchema">0</Value></Attribute></Attributes><ChildElements/><ElementName>mass</ElementName><required>false</required><ValueAttribute z:Ref="i75"/></URDFElement><URDFElement z:Id="i76" i:type="Inertia"><Attributes><Attribute z:Id="i77"><AttributeType>ixx</AttributeType><IsRequired>true</IsRequired><Value i:type="a:double" xmlns:a="http://www.w3.org/2001/XMLSchema">0</Value></Attribute><Attribute z:Id="i78"><AttributeType>ixy</AttributeType><IsRequired>true</IsRequired><Value i:type="a:double" xmlns:a="http://www.w3.org/2001/XMLSchema">0</Value></Attribute><Attribute z:Id="i79"><AttributeType>ixz</AttributeType><IsRequired>true</IsRequired><Value i:type="a:double" xmlns:a="http://www.w3.org/2001/XMLSchema">0</Value></Attribute><Attribute z:Id="i80"><AttributeType>iyy</AttributeType><IsRequired>true</IsRequired><Value i:type="a:double" xmlns:a="http://www.w3.org/2001/XMLSchema">0</Value></Attribute><Attribute z:Id="i81"><AttributeType>iyz</AttributeType><IsRequired>true</IsRequired><Value i:type="a:double" xmlns:a="http://www.w3.org/2001/XMLSchema">0</Value></Attribute><Attribute z:Id="i82"><AttributeType>izz</AttributeType><IsRequired>true</IsRequired><Value i:type="a:double" xmlns:a="http://www.w3.org/2001/XMLSchema">0</Value></Attribute></Attributes><ChildElements/><ElementName>inertia</ElementName><required>false</required><IxxAttribute z:Ref="i77"/><IxyAttribute z:Ref="i78"/><IxzAttribute z:Ref="i79"/><IyyAttribute z:Ref="i80"/><IyzAttribute z:Ref="i81"/><IzzAttribute z:Ref="i82"/></URDFElement></ChildElements><ElementName>inertial</ElementName><required>false</required><Inertia z:Ref="i76"/><Mass z:Ref="i74"/><Origin z:Ref="i71"/></URDFElement><URDFElement z:Id="i83" i:type="Visual"><Attributes/><ChildElements><URDFElement z:Id="i84" i:type="Origin"><Attributes><Attribute z:Id="i85"><AttributeType>xyz</AttributeType><IsRequired>true</IsRequired><Value i:type="a:ArrayOfdouble" xmlns:a="http://schemas.microsoft.com/2003/10/Serialization/Arrays"><a:double>0</a:double><a:double>0</a:double><a:double>0</a:double></Value></Attribute><Attribute z:Id="i86"><AttributeType>rpy</AttributeType><IsRequired>true</IsRequired><Value i:type="a:ArrayOfdouble" xmlns:a="http://schemas.microsoft.com/2003/10/Serialization/Arrays"><a:double>0</a:double><a:double>0</a:double><a:double>0</a:double></Value></Attribute></Attributes><ChildElements/><ElementName>origin</ElementName><required>false</required><RPYAttribute z:Ref="i86"/><XYZAttribute z:Ref="i85"/><isCustomized>false</isCustomized></URDFElement><URDFElement z:Id="i87" i:type="Geometry"><Attributes/><ChildElements><URDFElement z:Id="i88" i:type="Mesh"><Attributes><Attribute z:Id="i89"><AttributeType>filename</AttributeType><IsRequired>true</IsRequired><Value i:nil="true"/></Attribute></Attributes><ChildElements/><ElementName>mesh</ElementName><required>false</required><FilenameAttribute z:Ref="i89"/></URDFElement></ChildElements><ElementName>geometry</ElementName><required>true</required><Mesh z:Ref="i88"/></URDFElement><URDFElement z:Id="i90" i:type="Material"><Attributes><Attribute z:Id="i91"><AttributeType>name</AttributeType><IsRequired>true</IsRequired><Value i:type="a:string" xmlns:a="http://www.w3.org/2001/XMLSchema"/></Attribute></Attributes><ChildElements><URDFElement z:Id="i92" i:type="Color"><Attributes><Attribute z:Id="i93"><AttributeType>rgba</AttributeType><IsRequired>true</IsRequired><Value i:type="a:ArrayOfdouble" xmlns:a="http://schemas.microsoft.com/2003/10/Serialization/Arrays"><a:double>1</a:double><a:double>1</a:double><a:double>1</a:double><a:double>1</a:double></Value></Attribute></Attributes><ChildElements/><ElementName>color</ElementName><required>false</required><RGBAAttribute z:Ref="i93"/></URDFElement><URDFElement z:Id="i94" i:type="Texture"><Attributes><Attribute z:Id="i95"><AttributeType>filename</AttributeType><IsRequired>true</IsRequired><Value i:nil="true"/></Attribute></Attributes><ChildElements/><ElementName>texture</ElementName><required>false</required><FilenameAttribute z:Ref="i95"/><wFilename/></URDFElement></ChildElements><ElementName>material</ElementName><required>false</required><Color z:Ref="i92"/><NameAttribute z:Ref="i91"/><Texture z:Ref="i94"/></URDFElement></ChildElements><ElementName>visual</ElementName><required>false</required><Geometry z:Ref="i87"/><Material z:Ref="i90"/><Origin z:Ref="i84"/></URDFElement><URDFElement z:Id="i96" i:type="Collision"><Attributes/><ChildElements><URDFElement z:Id="i97" i:type="Origin"><Attributes><Attribute z:Id="i98"><AttributeType>xyz</AttributeType><IsRequired>true</IsRequired><Value i:type="a:ArrayOfdouble" xmlns:a="http://schemas.microsoft.com/2003/10/Serialization/Arrays"><a:double>0</a:double><a:double>0</a:double><a:double>0</a:double></Value></Attribute><Attribute z:Id="i99"><AttributeType>rpy</AttributeType><IsRequired>true</IsRequired><Value i:type="a:ArrayOfdouble" xmlns:a="http://schemas.microsoft.com/2003/10/Serialization/Arrays"><a:double>0</a:double><a:double>0</a:double><a:double>0</a:double></Value></Attribute></Attributes><ChildElements/><ElementName>origin</ElementName><required>false</required><RPYAttribute z:Ref="i99"/><XYZAttribute z:Ref="i98"/><isCustomized>false</isCustomized></URDFElement><URDFElement z:Id="i100" i:type="Geometry"><Attributes/><ChildElements><URDFElement z:Id="i101" i:type="Mesh"><Attributes><Attribute z:Id="i102"><AttributeType>filename</AttributeType><IsRequired>true</IsRequired><Value i:nil="true"/></Attribute></Attributes><ChildElements/><ElementName>mesh</ElementName><required>false</required><FilenameAttribute z:Ref="i102"/></URDFElement></ChildElements><ElementName>geometry</ElementName><required>true</required><Mesh z:Ref="i101"/></URDFElement></ChildElements><ElementName>collision</ElementName><required>false</required><Geometry z:Ref="i100"/><Origin z:Ref="i97"/></URDFElement><URDFElement z:Id="i103" i:type="Joint"><Attributes><Attribute z:Id="i104"><AttributeType>name</AttributeType><IsRequired>true</IsRequired><Value i:type="a:string" xmlns:a="http://www.w3.org/2001/XMLSchema">joint1</Value></Attribute><Attribute z:Id="i105"><AttributeType>type</AttributeType><IsRequired>true</IsRequired><Value i:type="a:string" xmlns:a="http://www.w3.org/2001/XMLSchema">Automatically Detect</Value></Attribute></Attributes><ChildElements><URDFElement z:Id="i106" i:type="Origin"><Attributes><Attribute z:Id="i107"><AttributeType>xyz</AttributeType><IsRequired>true</IsRequired><Value i:type="a:ArrayOfdouble" xmlns:a="http://schemas.microsoft.com/2003/10/Serialization/Arrays"><a:double>0</a:double><a:double>0</a:double><a:double>0</a:double></Value></Attribute><Attribute z:Id="i108"><AttributeType>rpy</AttributeType><IsRequired>true</IsRequired><Value i:type="a:ArrayOfdouble" xmlns:a="http://schemas.microsoft.com/2003/10/Serialization/Arrays"><a:double>0</a:double><a:double>0</a:double><a:double>0</a:double></Value></Attribute></Attributes><ChildElements/><ElementName>origin</ElementName><required>false</required><RPYAttribute z:Ref="i108"/><XYZAttribute z:Ref="i107"/><isCustomized>false</isCustomized></URDFElement><URDFElement z:Id="i109" i:type="ParentLink"><Attributes><Attribute z:Id="i110"><AttributeType>link</AttributeType><IsRequired>true</IsRequired><Value i:type="a:string" xmlns:a="http://www.w3.org/2001/XMLSchema"/></Attribute></Attributes><ChildElements/><ElementName>parent</ElementName><required>true</required><NameAttribute z:Ref="i110"/></URDFElement><URDFElement z:Id="i111" i:type="ChildLink"><Attributes><Attribute z:Id="i112"><AttributeType>link</AttributeType><IsRequired>true</IsRequired><Value i:type="a:string" xmlns:a="http://www.w3.org/2001/XMLSchema"/></Attribute></Attributes><ChildElements/><ElementName>child</ElementName><required>true</required><NameAttribute z:Ref="i112"/></URDFElement><URDFElement z:Id="i113" i:type="Axis"><Attributes><Attribute z:Id="i114"><AttributeType>xyz</AttributeType><IsRequired>true</IsRequired><Value i:type="a:ArrayOfdouble" xmlns:a="http://schemas.microsoft.com/2003/10/Serialization/Arrays"><a:double>0</a:double><a:double>0</a:double><a:double>0</a:double></Value></Attribute></Attributes><ChildElements/><ElementName>axis</ElementName><required>false</required><XYZAttribute z:Ref="i114"/></URDFElement><URDFElement z:Id="i115" i:type="Limit"><Attributes><Attribute z:Id="i116"><AttributeType>lower</AttributeType><IsRequired>false</IsRequired><Value i:nil="true"/></Attribute><Attribute z:Id="i117"><AttributeType>upper</AttributeType><IsRequired>false</IsRequired><Value i:nil="true"/></Attribute><Attribute z:Id="i118"><AttributeType>effort</AttributeType><IsRequired>true</IsRequired><Value i:nil="true"/></Attribute><Attribute z:Id="i119"><AttributeType>velocity</AttributeType><IsRequired>true</IsRequired><Value i:nil="true"/></Attribute></Attributes><ChildElements/><ElementName>limit</ElementName><required>false</required><EffortAttribute z:Ref="i118"/><LowerAttribute z:Ref="i116"/><UpperAttribute z:Ref="i117"/><VelocityAttribute z:Ref="i119"/></URDFElement><URDFElement z:Id="i120" i:type="Calibration"><Attributes><Attribute z:Id="i121"><AttributeType>rising</AttributeType><IsRequired>false</IsRequired><Value i:nil="true"/></Attribute><Attribute z:Id="i122"><AttributeType>falling</AttributeType><IsRequired>false</IsRequired><Value i:nil="true"/></Attribute></Attributes><ChildElements/><ElementName>calibration</ElementName><required>false</required><FallingAttribute z:Ref="i122"/><RisingAttribute z:Ref="i121"/></URDFElement><URDFElement z:Id="i123" i:type="Dynamics"><Attributes><Attribute z:Id="i124"><AttributeType>damping</AttributeType><IsRequired>false</IsRequired><Value i:nil="true"/></Attribute><Attribute z:Id="i125"><AttributeType>friction</AttributeType><IsRequired>false</IsRequired><Value i:nil="true"/></Attribute></Attributes><ChildElements/><ElementName>dynamics</ElementName><required>false</required><DampingAttribute z:Ref="i124"/><FrictionAttribute z:Ref="i125"/></URDFElement><URDFElement z:Id="i126" i:type="SafetyController"><Attributes><Attribute z:Id="i127"><AttributeType>soft_upper_limit</AttributeType><IsRequired>false</IsRequired><Value i:nil="true"/></Attribute><Attribute z:Id="i128"><AttributeType>soft_lower_limit</AttributeType><IsRequired>false</IsRequired><Value i:nil="true"/></Attribute><Attribute z:Id="i129"><AttributeType>k_position</AttributeType><IsRequired>false</IsRequired><Value i:nil="true"/></Attribute><Attribute z:Id="i130"><AttributeType>k_velocity</AttributeType><IsRequired>true</IsRequired><Value i:nil="true"/></Attribute></Attributes><ChildElements/><ElementName>safety_controller</ElementName><required>false</required><KPositionAttribute z:Ref="i129"/><KVelocityAttribute z:Ref="i130"/><SoftLowerAttribute z:Ref="i128"/><SoftUpperAttribute z:Ref="i127"/></URDFElement><URDFElement z:Id="i131" i:type="Mimic"><Attributes><Attribute z:Id="i132"><AttributeType>joint</AttributeType><IsRequired>true</IsRequired><Value i:nil="true"/></Attribute><Attribute z:Id="i133"><AttributeType>multiplier</AttributeType><IsRequired>false</IsRequired><Value i:nil="true"/></Attribute><Attribute z:Id="i134"><AttributeType>offset</AttributeType><IsRequired>false</IsRequired><Value i:nil="true"/></Attribute></Attributes><ChildElements/><ElementName>mimic</ElementName><required>false</required><JointNameAttribute z:Ref="i132"/><MultiplierAttribute z:Ref="i133"/><OffsetAttribute z:Ref="i134"/></URDFElement></ChildElements><ElementName>joint</ElementName><required>false</required><Axis z:Ref="i113"/><AxisName>Automatically Generate</AxisName><Calibration z:Ref="i120"/><Child z:Ref="i111"/><CoordinateSystemName>Automatically Generate</CoordinateSystemName><Dynamics z:Ref="i123"/><Limit z:Ref="i115"/><Mimic z:Ref="i131"/><NameAttribute z:Ref="i104"/><Origin z:Ref="i106"/><Parent z:Ref="i109"/><Safety z:Ref="i126"/><TypeAttribute z:Ref="i105"/></URDFElement></ChildElements><ElementName>link</ElementName><required>true</required><Children><Link z:Id="i135"><Attributes><Attribute z:Id="i136"><AttributeType>name</AttributeType><IsRequired>true</IsRequired><Value i:type="a:string" xmlns:a="http://www.w3.org/2001/XMLSchema">link2</Value></Attribute></Attributes><ChildElements><URDFElement z:Id="i137" i:type="Inertial"><Attributes/><ChildElements><URDFElement z:Id="i138" i:type="Origin"><Attributes><Attribute z:Id="i139"><AttributeType>xyz</AttributeType><IsRequired>true</IsRequired><Value i:type="a:ArrayOfdouble" xmlns:a="http://schemas.microsoft.com/2003/10/Serialization/Arrays"><a:double>0</a:double><a:double>0</a:double><a:double>0</a:double></Value></Attribute><Attribute z:Id="i140"><AttributeType>rpy</AttributeType><IsRequired>true</IsRequired><Value i:type="a:ArrayOfdouble" xmlns:a="http://schemas.microsoft.com/2003/10/Serialization/Arrays"><a:double>0</a:double><a:double>0</a:double><a:double>0</a:double></Value></Attribute></Attributes><ChildElements/><ElementName>origin</ElementName><required>false</required><RPYAttribute z:Ref="i140"/><XYZAttribute z:Ref="i139"/><isCustomized>false</isCustomized></URDFElement><URDFElement z:Id="i141" i:type="Mass"><Attributes><Attribute z:Id="i142"><AttributeType>value</AttributeType><IsRequired>true</IsRequired><Value i:type="a:double" xmlns:a="http://www.w3.org/2001/XMLSchema">0</Value></Attribute></Attributes><ChildElements/><ElementName>mass</ElementName><required>false</required><ValueAttribute z:Ref="i142"/></URDFElement><URDFElement z:Id="i143" i:type="Inertia"><Attributes><Attribute z:Id="i144"><AttributeType>ixx</AttributeType><IsRequired>true</IsRequired><Value i:type="a:double" xmlns:a="http://www.w3.org/2001/XMLSchema">0</Value></Attribute><Attribute z:Id="i145"><AttributeType>ixy</AttributeType><IsRequired>true</IsRequired><Value i:type="a:double" xmlns:a="http://www.w3.org/2001/XMLSchema">0</Value></Attribute><Attribute z:Id="i146"><AttributeType>ixz</AttributeType><IsRequired>true</IsRequired><Value i:type="a:double" xmlns:a="http://www.w3.org/2001/XMLSchema">0</Value></Attribute><Attribute z:Id="i147"><AttributeType>iyy</AttributeType><IsRequired>true</IsRequired><Value i:type="a:double" xmlns:a="http://www.w3.org/2001/XMLSchema">0</Value></Attribute><Attribute z:Id="i148"><AttributeType>iyz</AttributeType><IsRequired>true</IsRequired><Value i:type="a:double" xmlns:a="http://www.w3.org/2001/XMLSchema">0</Value></Attribute><Attribute z:Id="i149"><AttributeType>izz</AttributeType><IsRequired>true</IsRequired><Value i:type="a:double" xmlns:a="http://www.w3.org/2001/XMLSchema">0</Value></Attribute></Attributes><ChildElements/><ElementName>inertia</ElementName><required>false</required><IxxAttribute z:Ref="i144"/><IxyAttribute z:Ref="i145"/><IxzAttribute z:Ref="i146"/><IyyAttribute z:Ref="i147"/><IyzAttribute z:Ref="i148"/><IzzAttribute z:Ref="i149"/></URDFElement></ChildElements><ElementName>inertial</ElementName><required>false</required><Inertia z:Ref="i143"/><Mass z:Ref="i141"/><Origin z:Ref="i138"/></URDFElement><URDFElement z:Id="i150" i:type="Visual"><Attributes/><ChildElements><URDFElement z:Id="i151" i:type="Origin"><Attributes><Attribute z:Id="i152"><AttributeType>xyz</AttributeType><IsRequired>true</IsRequired><Value i:type="a:ArrayOfdouble" xmlns:a="http://schemas.microsoft.com/2003/10/Serialization/Arrays"><a:double>0</a:double><a:double>0</a:double><a:double>0</a:double></Value></Attribute><Attribute z:Id="i153"><AttributeType>rpy</AttributeType><IsRequired>true</IsRequired><Value i:type="a:ArrayOfdouble" xmlns:a="http://schemas.microsoft.com/2003/10/Serialization/Arrays"><a:double>0</a:double><a:double>0</a:double><a:double>0</a:double></Value></Attribute></Attributes><ChildElements/><ElementName>origin</ElementName><required>false</required><RPYAttribute z:Ref="i153"/><XYZAttribute z:Ref="i152"/><isCustomized>false</isCustomized></URDFElement><URDFElement z:Id="i154" i:type="Geometry"><Attributes/><ChildElements><URDFElement z:Id="i155" i:type="Mesh"><Attributes><Attribute z:Id="i156"><AttributeType>filename</AttributeType><IsRequired>true</IsRequired><Value i:nil="true"/></Attribute></Attributes><ChildElements/><ElementName>mesh</ElementName><required>false</required><FilenameAttribute z:Ref="i156"/></URDFElement></ChildElements><ElementName>geometry</ElementName><required>true</required><Mesh z:Ref="i155"/></URDFElement><URDFElement z:Id="i157" i:type="Material"><Attributes><Attribute z:Id="i158"><AttributeType>name</AttributeType><IsRequired>true</IsRequired><Value i:type="a:string" xmlns:a="http://www.w3.org/2001/XMLSchema"/></Attribute></Attributes><ChildElements><URDFElement z:Id="i159" i:type="Color"><Attributes><Attribute z:Id="i160"><AttributeType>rgba</AttributeType><IsRequired>true</IsRequired><Value i:type="a:ArrayOfdouble" xmlns:a="http://schemas.microsoft.com/2003/10/Serialization/Arrays"><a:double>1</a:double><a:double>1</a:double><a:double>1</a:double><a:double>1</a:double></Value></Attribute></Attributes><ChildElements/><ElementName>color</ElementName><required>false</required><RGBAAttribute z:Ref="i160"/></URDFElement><URDFElement z:Id="i161" i:type="Texture"><Attributes><Attribute z:Id="i162"><AttributeType>filename</AttributeType><IsRequired>true</IsRequired><Value i:nil="true"/></Attribute></Attributes><ChildElements/><ElementName>texture</ElementName><required>false</required><FilenameAttribute z:Ref="i162"/><wFilename/></URDFElement></ChildElements><ElementName>material</ElementName><required>false</required><Color z:Ref="i159"/><NameAttribute z:Ref="i158"/><Texture z:Ref="i161"/></URDFElement></ChildElements><ElementName>visual</ElementName><required>false</required><Geometry z:Ref="i154"/><Material z:Ref="i157"/><Origin z:Ref="i151"/></URDFElement><URDFElement z:Id="i163" i:type="Collision"><Attributes/><ChildElements><URDFElement z:Id="i164" i:type="Origin"><Attributes><Attribute z:Id="i165"><AttributeType>xyz</AttributeType><IsRequired>true</IsRequired><Value i:type="a:ArrayOfdouble" xmlns:a="http://schemas.microsoft.com/2003/10/Serialization/Arrays"><a:double>0</a:double><a:double>0</a:double><a:double>0</a:double></Value></Attribute><Attribute z:Id="i166"><AttributeType>rpy</AttributeType><IsRequired>true</IsRequired><Value i:type="a:ArrayOfdouble" xmlns:a="http://schemas.microsoft.com/2003/10/Serialization/Arrays"><a:double>0</a:double><a:double>0</a:double><a:double>0</a:double></Value></Attribute></Attributes><ChildElements/><ElementName>origin</ElementName><required>false</required><RPYAttribute z:Ref="i166"/><XYZAttribute z:Ref="i165"/><isCustomized>false</isCustomized></URDFElement><URDFElement z:Id="i167" i:type="Geometry"><Attributes/><ChildElements><URDFElement z:Id="i168" i:type="Mesh"><Attributes><Attribute z:Id="i169"><AttributeType>filename</AttributeType><IsRequired>true</IsRequired><Value i:nil="true"/></Attribute></Attributes><ChildElements/><ElementName>mesh</ElementName><required>false</required><FilenameAttribute z:Ref="i169"/></URDFElement></ChildElements><ElementName>geometry</ElementName><required>true</required><Mesh z:Ref="i168"/></URDFElement></ChildElements><ElementName>collision</ElementName><required>false</required><Geometry z:Ref="i167"/><Origin z:Ref="i164"/></URDFElement><URDFElement z:Id="i170" i:type="Joint"><Attributes><Attribute z:Id="i171"><AttributeType>name</AttributeType><IsRequired>true</IsRequired><Value i:type="a:string" xmlns:a="http://www.w3.org/2001/XMLSchema">joint2</Value></Attribute><Attribute z:Id="i172"><AttributeType>type</AttributeType><IsRequired>true</IsRequired><Value i:type="a:string" xmlns:a="http://www.w3.org/2001/XMLSchema">Automatically Detect</Value></Attribute></Attributes><ChildElements><URDFElement z:Id="i173" i:type="Origin"><Attributes><Attribute z:Id="i174"><AttributeType>xyz</AttributeType><IsRequired>true</IsRequired><Value i:type="a:ArrayOfdouble" xmlns:a="http://schemas.microsoft.com/2003/10/Serialization/Arrays"><a:double>0</a:double><a:double>0</a:double><a:double>0</a:double></Value></Attribute><Attribute z:Id="i175"><AttributeType>rpy</AttributeType><IsRequired>true</IsRequired><Value i:type="a:ArrayOfdouble" xmlns:a="http://schemas.microsoft.com/2003/10/Serialization/Arrays"><a:double>0</a:double><a:double>0</a:double><a:double>0</a:double></Value></Attribute></Attributes><ChildElements/><ElementName>origin</ElementName><required>false</required><RPYAttribute z:Ref="i175"/><XYZAttribute z:Ref="i174"/><isCustomized>false</isCustomized></URDFElement><URDFElement z:Id="i176" i:type="ParentLink"><Attributes><Attribute z:Id="i177"><AttributeType>link</AttributeType><IsRequired>true</IsRequired><Value i:type="a:string" xmlns:a="http://www.w3.org/2001/XMLSchema"/></Attribute></Attributes><ChildElements/><ElementName>parent</ElementName><required>true</required><NameAttribute z:Ref="i177"/></URDFElement><URDFElement z:Id="i178" i:type="ChildLink"><Attributes><Attribute z:Id="i179"><AttributeType>link</AttributeType><IsRequired>true</IsRequired><Value i:type="a:string" xmlns:a="http://www.w3.org/2001/XMLSchema"/></Attribute></Attributes><ChildElements/><ElementName>child</ElementName><required>true</required><NameAttribute z:Ref="i179"/></URDFElement><URDFElement z:Id="i180" i:type="Axis"><Attributes><Attribute z:Id="i181"><AttributeType>xyz</AttributeType><IsRequired>true</IsRequired><Value i:type="a:ArrayOfdouble" xmlns:a="http://schemas.microsoft.com/2003/10/Serialization/Arrays"><a:double>0</a:double><a:double>0</a:double><a:double>0</a:double></Value></Attribute></Attributes><ChildElements/><ElementName>axis</ElementName><required>false</required><XYZAttribute z:Ref="i181"/></URDFElement><URDFElement z:Id="i182" i:type="Limit"><Attributes><Attribute z:Id="i183"><AttributeType>lower</AttributeType><IsRequired>false</IsRequired><Value i:nil="true"/></Attribute><Attribute z:Id="i184"><AttributeType>upper</AttributeType><IsRequired>false</IsRequired><Value i:nil="true"/></Attribute><Attribute z:Id="i185"><AttributeType>effort</AttributeType><IsRequired>true</IsRequired><Value i:nil="true"/></Attribute><Attribute z:Id="i186"><AttributeType>velocity</AttributeType><IsRequired>true</IsRequired><Value i:nil="true"/></Attribute></Attributes><ChildElements/><ElementName>limit</ElementName><required>false</required><EffortAttribute z:Ref="i185"/><LowerAttribute z:Ref="i183"/><UpperAttribute z:Ref="i184"/><VelocityAttribute z:Ref="i186"/></URDFElement><URDFElement z:Id="i187" i:type="Calibration"><Attributes><Attribute z:Id="i188"><AttributeType>rising</AttributeType><IsRequired>false</IsRequired><Value i:nil="true"/></Attribute><Attribute z:Id="i189"><AttributeType>falling</AttributeType><IsRequired>false</IsRequired><Value i:nil="true"/></Attribute></Attributes><ChildElements/><ElementName>calibration</ElementName><required>false</required><FallingAttribute z:Ref="i189"/><RisingAttribute z:Ref="i188"/></URDFElement><URDFElement z:Id="i190" i:type="Dynamics"><Attributes><Attribute z:Id="i191"><AttributeType>damping</AttributeType><IsRequired>false</IsRequired><Value i:nil="true"/></Attribute><Attribute z:Id="i192"><AttributeType>friction</AttributeType><IsRequired>false</IsRequired><Value i:nil="true"/></Attribute></Attributes><ChildElements/><ElementName>dynamics</ElementName><required>false</required><DampingAttribute z:Ref="i191"/><FrictionAttribute z:Ref="i192"/></URDFElement><URDFElement z:Id="i193" i:type="SafetyController"><Attributes><Attribute z:Id="i194"><AttributeType>soft_upper_limit</AttributeType><IsRequired>false</IsRequired><Value i:nil="true"/></Attribute><Attribute z:Id="i195"><AttributeType>soft_lower_limit</AttributeType><IsRequired>false</IsRequired><Value i:nil="true"/></Attribute><Attribute z:Id="i196"><AttributeType>k_position</AttributeType><IsRequired>false</IsRequired><Value i:nil="true"/></Attribute><Attribute z:Id="i197"><AttributeType>k_velocity</AttributeType><IsRequired>true</IsRequired><Value i:nil="true"/></Attribute></Attributes><ChildElements/><ElementName>safety_controller</ElementName><required>false</required><KPositionAttribute z:Ref="i196"/><KVelocityAttribute z:Ref="i197"/><SoftLowerAttribute z:Ref="i195"/><SoftUpperAttribute z:Ref="i194"/></URDFElement><URDFElement z:Id="i198" i:type="Mimic"><Attributes><Attribute z:Id="i199"><AttributeType>joint</AttributeType><IsRequired>true</IsRequired><Value i:nil="true"/></Attribute><Attribute z:Id="i200"><AttributeType>multiplier</AttributeType><IsRequired>false</IsRequired><Value i:nil="true"/></Attribute><Attribute z:Id="i201"><AttributeType>offset</AttributeType><IsRequired>false</IsRequired><Value i:nil="true"/></Attribute></Attributes><ChildElements/><ElementName>mimic</ElementName><required>false</required><JointNameAttribute z:Ref="i199"/><MultiplierAttribute z:Ref="i200"/><OffsetAttribute z:Ref="i201"/></URDFElement></ChildElements><ElementName>joint</ElementName><required>false</required><Axis z:Ref="i180"/><AxisName>Automatically Generate</AxisName><Calibration z:Ref="i187"/><Child z:Ref="i178"/><CoordinateSystemName>Automatically Generate</CoordinateSystemName><Dynamics z:Ref="i190"/><Limit z:Ref="i182"/><Mimic z:Ref="i198"/><NameAttribute z:Ref="i171"/><Origin z:Ref="i173"/><Parent z:Ref="i176"/><Safety z:Ref="i193"/><TypeAttribute z:Ref="i172"/></URDFElement></ChildElements><ElementName>link</ElementName><required>true</required><Children/><Collision z:Ref="i163"/><Inertial z:Ref="i137"/><Joint z:Ref="i170"/><NameAttribute z:Ref="i136"/><Parent z:Ref="i68"/><STLQualityFine>false</STLQualityFine><SWComponentPIDs xmlns:a="http://schemas.microsoft.com/2003/10/Serialization/Arrays"><a:base64Binary>sDYAAAUAAAD//v8McgBvAGQALQA3AEAAQQBzAHMAZQBtADEABAAAABAAAAABAAAAAQAAAMEAAAA=</a:base64Binary><a:base64Binary>sDYAAAUAAAD//v8PcABhAHIAdAAgADUALQAxAEAAQQBzAHMAZQBtADEABAAAABAAAAABAAAAAQAAAMQAAAA=</a:base64Binary><a:base64Binary>sDYAAAUAAAD//v8McgBvAGQALQA2AEAAQQBzAHMAZQBtADEABAAAABAAAAABAAAAAQAAAMAAAAA=</a:base64Binary><a:base64Binary>sDYAAAUAAAD//v8OcABhAHIAdAA2AC0AMQBAAEEAcwBzAGUAbQAxAAQAAAAQAAAAAQAAAAEAAADMAAAA</a:base64Binary></SWComponentPIDs><SWMainComponentPID i:nil="true"/><Visual z:Ref="i150"/><isFixedFrame>false</isFixedFrame><isIncomplete>false</isIncomplete></Link></Children><Collision z:Ref="i96"/><Inertial z:Ref="i70"/><Joint z:Ref="i103"/><NameAttribute z:Ref="i69"/><Parent z:Ref="i1"/><STLQualityFine>false</STLQualityFine><SWComponentPIDs xmlns:a="http://schemas.microsoft.com/2003/10/Serialization/Arrays"><a:base64Binary>sDYAAAUAAAD//v8OUABhAHIAdAAyAC0AMQBAAEEAcwBzAGUAbQAxAAQAAAAQAAAAAQAAAAEAAAAZAAAA</a:base64Binary><a:base64Binary>sDYAAAUAAAD//v8PcABhAHIAdAA0AC0AMQAyAEAAQQBzAHMAZQBtADEABAAAABAAAAABAAAAAQAAAKcAAAA=</a:base64Binary><a:base64Binary>sDYAAAUAAAD//v8PcABhAHIAdAA0AC0AMQAxAEAAQQBzAHMAZQBtADEABAAAABAAAAABAAAAAQAAAKYAAAA=</a:base64Binary><a:base64Binary>sDYAAAUAAAD//v8PcABhAHIAdAA0AC0AMQAwAEAAQQBzAHMAZQBtADEABAAAABAAAAABAAAAAQAAAKUAAAA=</a:base64Binary><a:base64Binary>sDYAAAUAAAD//v8OcABhAHIAdAA0AC0AOQBAAEEAcwBzAGUAbQAxAAQAAAAQAAAAAQAAAAEAAACkAAAA</a:base64Binary><a:base64Binary>sDYAAAUAAAD//v8OcABhAHIAdAA0AC0AOABAAEEAcwBzAGUAbQAxAAQAAAAQAAAAAQAAAAEAAACjAAAA</a:base64Binary><a:base64Binary>sDYAAAUAAAD//v8OcABhAHIAdAA0AC0ANwBAAEEAcwBzAGUAbQAxAAQAAAAQAAAAAQAAAAEAAACiAAAA</a:base64Binary><a:base64Binary>sDYAAAUAAAD//v8WcwB0AGUAcABwAGUAcgAgAG0AbwB0AG8AcgAtADMAQABBAHMAcwBlAG0AMQAEAAAAEAAAAAEAAAABAAAATwEAAA==</a:base64Binary><a:base64Binary>sDYAAAUAAAD//v8ccwB0AGUAcABwAGUAcgAgAG0AbwB0AG8AcgAgAHMAaABhAGYAdAAtADUAQABBAHMAcwBlAG0AMQAEAAAAEAAAAAEAAAABAAAATgEAAA==</a:base64Binary><a:base64Binary>sDYAAAUAAAD//v8TZwB0ADIAXwBwAHUAbABsAGUAeQAtADIAQABBAHMAcwBlAG0AMQAEAAAAEAAAAAEAAAABAAAATQAAAA==</a:base64Binary></SWComponentPIDs><SWMainComponentPID i:nil="true"/><Visual z:Ref="i83"/><isFixedFrame>false</isFixedFrame><isIncomplete>false</isIncomplete></Link></Children><Collision z:Ref="i29"/><Inertial z:Ref="i3"/><Joint z:Ref="i36"/><NameAttribute z:Ref="i2"/><Parent i:nil="true"/><STLQualityFine>false</STLQualityFine><SWComponentPIDs xmlns:a="http://schemas.microsoft.com/2003/10/Serialization/Arrays"><a:base64Binary>sDYAAAUAAAD//v8OUABhAHIAdAAxAC0AMQBAAEEAcwBzAGUAbQAxAAQAAAAQAAAAAQAAAAEAAAAYAAAA</a:base64Binary><a:base64Binary>sDYAAAUAAAD//v8OUABhAHIAdAAzAC0AMQBAAEEAcwBzAGUAbQAxAAQAAAAQAAAAAQAAAAEAAAAaAAAA</a:base64Binary><a:base64Binary>sDYAAAUAAAD//v8McgBvAGQALQAxAEAAQQBzAHMAZQBtADEABAAAABAAAAABAAAAAQAAABsAAAA=</a:base64Binary><a:base64Binary>sDYAAAUAAAD//v8McgBvAGQALQAyAEAAQQBzAHMAZQBtADEABAAAABAAAAABAAAAAQAAAB4AAAA=</a:base64Binary><a:base64Binary>sDYAAAUAAAD//v8McgBvAGQALQAzAEAAQQBzAHMAZQBtADEABAAAABAAAAABAAAAAQAAAB8AAAA=</a:base64Binary><a:base64Binary>sDYAAAUAAAD//v8McgBvAGQALQA0AEAAQQBzAHMAZQBtADEABAAAABAAAAABAAAAAQAAACAAAAA=</a:base64Binary><a:base64Binary>sDYAAAUAAAD//v8TZwB0ADIAXwBwAHUAbABsAGUAeQAtADEAQABBAHMAcwBlAG0AMQAEAAAAEAAAAAEAAAABAAAATAAAAA==</a:base64Binary><a:base64Binary>sDYAAAUAAAD//v8ccwB0AGUAcABwAGUAcgAgAG0AbwB0AG8AcgAgAHMAaABhAGYAdAAtADYAQABBAHMAcwBlAG0AMQAEAAAAEAAAAAEAAAABAAAAUAEAAA==</a:base64Binary><a:base64Binary>sDYAAAUAAAD//v8WcwB0AGUAcABwAGUAcgAgAG0AbwB0AG8AcgAtADQAQABBAHMAcwBlAG0AMQAEAAAAEAAAAAEAAAABAAAAUQEAAA==</a:base64Binary></SWComponentPIDs><SWMainComponentPID i:nil="true"/><Visual z:Ref="i16"/><isFixedFrame>false</isFixedFrame><isIncomplete>false</isIncomplete></Link>
2023-09-21 13:22:37,754 INFO  AssemblyExportForm.cs: 309 - Saving URDF package to C:\Users\hp\Desktop\vertical_cartesian
2023-09-21 13:22:37,757 INFO  ExportHelper.cs: 147 - Beginning the export process
2023-09-21 13:22:37,758 INFO  ExportHelper.cs: 153 - Creating package directories with name vertical_cartesian and save path C:\Users\hp\Desktop
2023-09-21 13:22:42,074 INFO  ExportHelper.cs: 162 - Creating CMakeLists.txt at C:\Users\hp\Desktop\vertical_cartesian\CMakeLists.txt
2023-09-21 13:22:42,075 INFO  ExportHelper.cs: 166 - Creating joint names config at C:\Users\hp\Desktop\vertical_cartesian\config\joint_names_vertical_cartesian.yaml
2023-09-21 13:22:42,076 INFO  ExportHelper.cs: 170 - Creating package.xml at C:\Users\hp\Desktop\vertical_cartesian\package.xml
2023-09-21 13:22:42,078 INFO  PackageXMLWriter.cs: 21 - Creating package.xml at C:\Users\hp\Desktop\vertical_cartesian\package.xml
2023-09-21 13:22:42,083 INFO  ExportHelper.cs: 177 - Creating RVIZ launch file in C:\Users\hp\Desktop\vertical_cartesian\launch\
2023-09-21 13:22:42,086 INFO  ExportHelper.cs: 182 - Creating Gazebo launch file in C:\Users\hp\Desktop\vertical_cartesian\launch\
2023-09-21 13:22:42,088 INFO  ExportHelper.cs: 187 - Saving existing STL preferences
2023-09-21 13:22:42,089 INFO  ExportHelper.cs: 450 - Saving users preferences
2023-09-21 13:22:42,090 INFO  ExportHelper.cs: 190 - Modifying STL preferences
2023-09-21 13:22:42,091 INFO  ExportHelper.cs: 464 - Setting STL preferences
2023-09-21 13:22:42,097 INFO  ExportHelper.cs: 196 - Found 0 hidden components 
2023-09-21 13:22:42,098 INFO  ExportHelper.cs: 197 - Hiding all components
2023-09-21 13:22:42,374 INFO  ExportHelper.cs: 204 - Beginning individual files export
2023-09-21 13:22:42,376 INFO  ExportHelper.cs: 270 - Exporting link: base_link
2023-09-21 13:22:42,377 INFO  ExportHelper.cs: 272 - Link base_link has 1 children
2023-09-21 13:22:42,378 INFO  ExportHelper.cs: 270 - Exporting link: link1
2023-09-21 13:22:42,378 INFO  ExportHelper.cs: 272 - Link link1 has 1 children
2023-09-21 13:22:42,379 INFO  ExportHelper.cs: 270 - Exporting link: link2
2023-09-21 13:22:42,379 INFO  ExportHelper.cs: 272 - Link link2 has 0 children
2023-09-21 13:22:42,380 INFO  ExportHelper.cs: 317 - link2: Exporting STL with coordinate frame Origin_joint2
2023-09-21 13:22:42,381 INFO  ExportHelper.cs: 322 - link2: Reference geometry name 
2023-09-21 13:22:42,565 INFO  ExportHelper.cs: 330 - Saving STL to C:\Users\hp\Desktop\vertical_cartesian\meshes\link2.STL
2023-09-21 13:22:42,849 INFO  ExportHelper.cs: 405 - Removing SW header in STL file
2023-09-21 13:22:42,849 INFO  ExportHelper.cs: 317 - link1: Exporting STL with coordinate frame Origin_joint1
2023-09-21 13:22:42,850 INFO  ExportHelper.cs: 322 - link1: Reference geometry name 
2023-09-21 13:22:43,090 INFO  ExportHelper.cs: 330 - Saving STL to C:\Users\hp\Desktop\vertical_cartesian\meshes\link1.STL
2023-09-21 13:22:44,492 INFO  ExportHelper.cs: 405 - Removing SW header in STL file
2023-09-21 13:22:44,493 INFO  ExportHelper.cs: 317 - base_link: Exporting STL with coordinate frame Origin_global
2023-09-21 13:22:44,493 INFO  ExportHelper.cs: 322 - base_link: Reference geometry name 
2023-09-21 13:22:44,687 INFO  ExportHelper.cs: 330 - Saving STL to C:\Users\hp\Desktop\vertical_cartesian\meshes\base_link.STL
2023-09-21 13:22:45,952 INFO  ExportHelper.cs: 405 - Removing SW header in STL file
2023-09-21 13:22:45,953 INFO  ExportHelper.cs: 145 - Showing all components except previously hidden components
2023-09-21 13:22:46,262 INFO  ExportHelper.cs: 145 - Resetting STL preferences
2023-09-21 13:22:46,263 INFO  ExportHelper.cs: 478 - Returning STL preferences to user preferences
2023-09-21 13:22:46,264 INFO  ExportHelper.cs: 228 - Writing URDF file to C:\Users\hp\Desktop\vertical_cartesian\urdf\vertical_cartesian.urdf
2023-09-21 13:22:46,336 INFO  CSVImportExport.cs: 32 - Writing CSV file C:\Users\hp\Desktop\vertical_cartesian\urdf\vertical_cartesian.csv
2023-09-21 13:22:46,363 ERROR CSVImportExport.cs: 130 - The following columns were not written to the CSV: Link.Joint.ChildLink.link,
2023-09-21 13:22:46,363 ERROR CSVImportExport.cs: 130 - The following columns were not written to the CSV: Link.Joint.ChildLink.link,
2023-09-21 13:22:46,364 ERROR CSVImportExport.cs: 130 - The following columns were not written to the CSV: Link.Joint.ChildLink.link,
2023-09-21 13:22:46,364 INFO  ExportHelper.cs: 234 - Copying log file
2023-09-21 13:22:46,367 INFO  ExportHelper.cs: 439 - Copying C:\Users\hp\sw2urdf_logs\sw2urdf.log to C:\Users\hp\Desktop\vertical_cartesian\export.log
